Added Component: Designator=C?(CC0805)
Added Component: Designator=C?(SMD-EC-F5)
Added Component: Designator=C?(SMD-EC-F5)
Added Component: Designator=C?(CC0805)
Added Component: Designator=C?(SMD-EC-F5)
Added Component: Designator=C?(SMD-EC-F5)
Added Component: Designator=C?(SMD-EC-F5)
Added Component: Designator=C?(SMD-EC-F5)
Added Component: Designator=C?(CC0805)
Added Component: Designator=C?(CC0805)
Added Component: Designator=C?(CC0805)
Added Component: Designator=C?(CC0805)
Added Component: Designator=C?(CC0805)
Added Component: Designator=C?(CC0805)
Added Component: Designator=C?(CC0805)
Added Component: Designator=C?(CC0805)
Added Component: Designator=C?(CC0805)
Added Component: Designator=C?(CC0805)
Added Component: Designator=C?(CC0805)
Added Component: Designator=C?(CC0805)
Added Component: Designator=C?(CC0805)
Added Component: Designator=C?(CC0805)
Added Component: Designator=C?(CC0805)
Added Component: Designator=C?(CC0805)
Added Component: Designator=C?(CC0805)
Added Component: Designator=C?(CC0805)
Added Component: Designator=C?(SMD-EC-F5)
Added Component: Designator=C?(SMD-EC-F5)
Added Component: Designator=C?(CC0805)
Added Component: Designator=C?(CC0805)
Added Component: Designator=C?(CC0805)
Added Component: Designator=C?(CC0805)
Added Component: Designator=C?(CC0805)
Added Component: Designator=C?(CC0805)
Added Component: Designator=C?(CC0805)
Added Component: Designator=C?(CC0805)
Added Component: Designator=C?(CC0805)
Added Component: Designator=C?(CC0805)
Added Component: Designator=C?(CC0805)
Added Component: Designator=C?(SMD-EC-F8)
Added Component: Designator=J?(VH3.96-2P)
Added Component: Designator=J?(VH3.96-2P)
Added Component: Designator=J?(VH3.96-2P)
Added Component: Designator=J?(VH3.96-2P)
Added Component: Designator=J?(VH3.96-2P)
Added Component: Designator=J?(VH3.96-2P)
Added Component: Designator=J?(VH3.96-2P)
Added Component: Designator=J?(VH3.96-2P)
Added Component: Designator=J?(VH3.96-2P)
Added Component: Designator=P?(HDR1X5)
Added Component: Designator=P?(HDR1X5)
Added Component: Designator=P?(HDR1X3)
Added Component: Designator=P?(HDR1X3)
Added Component: Designator=P?(HDR1X3)
Added Component: Designator=P?(HDR1X3)
Added Component: Designator=R?(AXIAL-0.4)
Added Component: Designator=R?(AXIAL-0.4)
Added Component: Designator=R?(AXIAL-0.4)
Added Component: Designator=R?(AXIAL-0.4)
Added Component: Designator=R?(AXIAL-0.4)
Added Component: Designator=R?(AXIAL-0.4)
Added Component: Designator=R?(AXIAL-0.4)
Added Component: Designator=R?(AXIAL-0.4)
Added Component: Designator=R?(AXIAL-0.4)
Added Component: Designator=R?(AXIAL-0.4)
Added Component: Designator=R?(AXIAL-0.4)
Added Component: Designator=R?(VR3)
Added Component: Designator=R?(AXIAL-0.4)
Added Component: Designator=R?(AXIAL-0.4)
Added Component: Designator=R?(AXIAL-0.4)
Added Component: Designator=R?(AXIAL-0.4)
Added Component: Designator=R?(AXIAL-0.4)
Added Component: Designator=R?(AXIAL-0.4)
Added Component: Designator=R?(AXIAL-0.4)
Added Component: Designator=R?(AXIAL-0.4)
Added Component: Designator=R?(AXIAL-0.4)
Added Component: Designator=R?(AXIAL-0.4)
Added Component: Designator=R?(AXIAL-0.4)
Added Component: Designator=R?(VR3)
Added Component: Designator=R?(AXIAL-0.4)
Added Component: Designator=R?(AXIAL-0.4)
Added Component: Designator=R?(AXIAL-0.4)
Added Component: Designator=R?(AXIAL-0.4)
Added Component: Designator=R?(AXIAL-0.4)
Added Component: Designator=R?(AXIAL-0.4)
Added Component: Designator=R?(AXIAL-0.4)
Added Component: Designator=R?(AXIAL-0.4)
Added Component: Designator=U?(SO-8)
Added Component: Designator=U?(SO-8)
Added Component: Designator=U?(TO-220)
Added Component: Designator=U?(SO-8)
Added Component: Designator=U?(SO-8)
Added Component: Designator=U?(SO-8)
Added Component: Designator=U?(SO-8)
Added Component: Designator=U?(SO-8)
Added Component: Designator=U?(SO-8)
Added Component: Designator=U?(TO-220)
Added Pin To Net: NetName=+1.5V Pin=C?-1
Added Pin To Net: NetName=+1.5V Pin=C?-1
Added Pin To Net: NetName=+1.5V Pin=C?-2
Added Pin To Net: NetName=+1.5V Pin=C?-2
Added Pin To Net: NetName=+1.5V Pin=C?-2
Added Pin To Net: NetName=+1.5V Pin=R?-2
Added Pin To Net: NetName=+1.5V Pin=R?-2
Added Pin To Net: NetName=+1.5V Pin=U?-3
Added Pin To Net: NetName=+1.5V Pin=U?-3
Added Pin To Net: NetName=+1.5V Pin=U?-7
Added Pin To Net: NetName=+1.5V Pin=U?-8
Added Net: Name=+1.5V
Added Pin To Net: NetName=+5V Pin=C?-1
Added Pin To Net: NetName=+5V Pin=C?-1
Added Pin To Net: NetName=+5V Pin=C?-1
Added Pin To Net: NetName=+5V Pin=C?-1
Added Pin To Net: NetName=+5V Pin=C?-2
Added Pin To Net: NetName=+5V Pin=C?-2
Added Pin To Net: NetName=+5V Pin=C?-2
Added Pin To Net: NetName=+5V Pin=C?-2
Added Pin To Net: NetName=+5V Pin=C?-2
Added Pin To Net: NetName=+5V Pin=C?-2
Added Pin To Net: NetName=+5V Pin=C?-2
Added Pin To Net: NetName=+5V Pin=C?-2
Added Pin To Net: NetName=+5V Pin=C?-2
Added Pin To Net: NetName=+5V Pin=J?-1
Added Pin To Net: NetName=+5V Pin=P?-1
Added Pin To Net: NetName=+5V Pin=P?-1
Added Pin To Net: NetName=+5V Pin=P?-1
Added Pin To Net: NetName=+5V Pin=P?-1
Added Pin To Net: NetName=+5V Pin=R?-1
Added Pin To Net: NetName=+5V Pin=R?-1
Added Pin To Net: NetName=+5V Pin=R?-1
Added Pin To Net: NetName=+5V Pin=R?-1
Added Pin To Net: NetName=+5V Pin=R?-1
Added Pin To Net: NetName=+5V Pin=R?-1
Added Pin To Net: NetName=+5V Pin=U?-1
Added Pin To Net: NetName=+5V Pin=U?-2
Added Pin To Net: NetName=+5V Pin=U?-7
Added Pin To Net: NetName=+5V Pin=U?-7
Added Pin To Net: NetName=+5V Pin=U?-7
Added Pin To Net: NetName=+5V Pin=U?-7
Added Pin To Net: NetName=+5V Pin=U?-7
Added Pin To Net: NetName=+5V Pin=U?-7
Added Pin To Net: NetName=+5V Pin=U?-7
Added Pin To Net: NetName=+5V Pin=U?-8
Added Net: Name=+5V
Added Pin To Net: NetName=-1.5V Pin=C?-2
Added Pin To Net: NetName=-1.5V Pin=C?-2
Added Pin To Net: NetName=-1.5V Pin=J?-2
Added Pin To Net: NetName=-1.5V Pin=J?-2
Added Pin To Net: NetName=-1.5V Pin=J?-2
Added Pin To Net: NetName=-1.5V Pin=J?-2
Added Pin To Net: NetName=-1.5V Pin=U?-5
Added Net: Name=-1.5V
Added Pin To Net: NetName=-5V Pin=C?-2
Added Pin To Net: NetName=-5V Pin=C?-2
Added Pin To Net: NetName=-5V Pin=C?-2
Added Pin To Net: NetName=-5V Pin=C?-2
Added Pin To Net: NetName=-5V Pin=C?-2
Added Pin To Net: NetName=-5V Pin=C?-2
Added Pin To Net: NetName=-5V Pin=C?-2
Added Pin To Net: NetName=-5V Pin=U?-4
Added Pin To Net: NetName=-5V Pin=U?-4
Added Pin To Net: NetName=-5V Pin=U?-4
Added Pin To Net: NetName=-5V Pin=U?-4
Added Pin To Net: NetName=-5V Pin=U?-4
Added Pin To Net: NetName=-5V Pin=U?-4
Added Pin To Net: NetName=-5V Pin=U?-5
Added Net: Name=-5V
Added Pin To Net: NetName=A3144-1 Pin=C?-1
Added Pin To Net: NetName=A3144-1 Pin=P?-3
Added Pin To Net: NetName=A3144-1 Pin=R?-2
Added Net: Name=A3144-1
Added Pin To Net: NetName=A3144-2 Pin=C?-1
Added Pin To Net: NetName=A3144-2 Pin=P?-3
Added Pin To Net: NetName=A3144-2 Pin=R?-2
Added Net: Name=A3144-2
Added Pin To Net: NetName=A3144-3 Pin=C?-1
Added Pin To Net: NetName=A3144-3 Pin=P?-3
Added Pin To Net: NetName=A3144-3 Pin=R?-2
Added Net: Name=A3144-3
Added Pin To Net: NetName=A3144-4 Pin=C?-1
Added Pin To Net: NetName=A3144-4 Pin=P?-3
Added Pin To Net: NetName=A3144-4 Pin=R?-2
Added Net: Name=A3144-4
Added Pin To Net: NetName=CAP+ Pin=C?-1
Added Net: Name=CAP+
Added Pin To Net: NetName=CAP- Pin=C?-2
Added Net: Name=CAP-
Added Pin To Net: NetName=GND Pin=C?-1
Added Pin To Net: NetName=GND Pin=C?-1
Added Pin To Net: NetName=GND Pin=C?-1
Added Pin To Net: NetName=GND Pin=C?-1
Added Pin To Net: NetName=GND Pin=C?-1
Added Pin To Net: NetName=GND Pin=C?-1
Added Pin To Net: NetName=GND Pin=C?-1
Added Pin To Net: NetName=GND Pin=C?-1
Added Pin To Net: NetName=GND Pin=C?-1
Added Pin To Net: NetName=GND Pin=C?-1
Added Pin To Net: NetName=GND Pin=C?-1
Added Pin To Net: NetName=GND Pin=C?-1
Added Pin To Net: NetName=GND Pin=C?-1
Added Pin To Net: NetName=GND Pin=C?-1
Added Pin To Net: NetName=GND Pin=C?-1
Added Pin To Net: NetName=GND Pin=C?-1
Added Pin To Net: NetName=GND Pin=C?-1
Added Pin To Net: NetName=GND Pin=C?-1
Added Pin To Net: NetName=GND Pin=C?-1
Added Pin To Net: NetName=GND Pin=C?-1
Added Pin To Net: NetName=GND Pin=C?-1
Added Pin To Net: NetName=GND Pin=C?-2
Added Pin To Net: NetName=GND Pin=C?-2
Added Pin To Net: NetName=GND Pin=C?-2
Added Pin To Net: NetName=GND Pin=C?-2
Added Pin To Net: NetName=GND Pin=C?-2
Added Pin To Net: NetName=GND Pin=C?-2
Added Pin To Net: NetName=GND Pin=C?-2
Added Pin To Net: NetName=GND Pin=C?-2
Added Pin To Net: NetName=GND Pin=C?-2
Added Pin To Net: NetName=GND Pin=C?-2
Added Pin To Net: NetName=GND Pin=J?-2
Added Pin To Net: NetName=GND Pin=J?-2
Added Pin To Net: NetName=GND Pin=J?-2
Added Pin To Net: NetName=GND Pin=J?-2
Added Pin To Net: NetName=GND Pin=J?-2
Added Pin To Net: NetName=GND Pin=P?-2
Added Pin To Net: NetName=GND Pin=P?-2
Added Pin To Net: NetName=GND Pin=P?-2
Added Pin To Net: NetName=GND Pin=P?-2
Added Pin To Net: NetName=GND Pin=P?-5
Added Pin To Net: NetName=GND Pin=P?-5
Added Pin To Net: NetName=GND Pin=R?-2
Added Pin To Net: NetName=GND Pin=R?-2
Added Pin To Net: NetName=GND Pin=R?-2
Added Pin To Net: NetName=GND Pin=R?-2
Added Pin To Net: NetName=GND Pin=R?-2
Added Pin To Net: NetName=GND Pin=R?-2
Added Pin To Net: NetName=GND Pin=R?-2
Added Pin To Net: NetName=GND Pin=R?-2
Added Pin To Net: NetName=GND Pin=U?-1
Added Pin To Net: NetName=GND Pin=U?-1
Added Pin To Net: NetName=GND Pin=U?-1
Added Pin To Net: NetName=GND Pin=U?-2
Added Pin To Net: NetName=GND Pin=U?-3
Added Pin To Net: NetName=GND Pin=U?-3
Added Pin To Net: NetName=GND Pin=U?-6
Added Pin To Net: NetName=GND Pin=U?-6
Added Net: Name=GND
Added Pin To Net: NetName=NetC?_1 Pin=C?-1
Added Pin To Net: NetName=NetC?_1 Pin=R?-1
Added Pin To Net: NetName=NetC?_1 Pin=U?-3
Added Net: Name=NetC?_1
Added Pin To Net: NetName=NetC?_2 Pin=C?-2
Added Pin To Net: NetName=NetC?_2 Pin=U?-4
Added Net: Name=NetC?_2
Added Pin To Net: NetName=NetR?_1 Pin=R?-1
Added Pin To Net: NetName=NetR?_1 Pin=R?-2
Added Pin To Net: NetName=NetR?_1 Pin=U?-6
Added Net: Name=NetR?_1
Added Pin To Net: NetName=NetR?_2 Pin=R?-2
Added Pin To Net: NetName=NetR?_2 Pin=U?-2
Added Net: Name=NetR?_2
Added Pin To Net: NetName=VIN1 Pin=J?-1
Added Pin To Net: NetName=VIN1 Pin=R?-2
Added Net: Name=VIN1
Added Pin To Net: NetName=VIN2 Pin=J?-1
Added Pin To Net: NetName=VIN2 Pin=R?-2
Added Net: Name=VIN2
Added Pin To Net: NetName=VOUT1 Pin=C?-2
Added Pin To Net: NetName=VOUT1 Pin=J?-1
Added Pin To Net: NetName=VOUT1 Pin=R?-2
Added Net: Name=VOUT1
Added Pin To Net: NetName=VOUT2 Pin=C?-2
Added Pin To Net: NetName=VOUT2 Pin=J?-1
Added Pin To Net: NetName=VOUT2 Pin=R?-2
Added Net: Name=VOUT2
Added Pin To Net: NetName=VRS-1 Pin=C?-1
Added Pin To Net: NetName=VRS-1 Pin=C?-2
Added Pin To Net: NetName=VRS-1 Pin=J?-1
Added Pin To Net: NetName=VRS-1 Pin=R?-1
Added Pin To Net: NetName=VRS-1 Pin=R?-2
Added Net: Name=VRS-1
Added Pin To Net: NetName=VRS-2 Pin=J?-1
Added Net: Name=VRS-2
Added Pin To Net: NetName=VRS-3 Pin=C?-1
Added Pin To Net: NetName=VRS-3 Pin=J?-1
Added Pin To Net: NetName=VRS-3 Pin=R?-1
Added Net: Name=VRS-3
Added Pin To Net: NetName=VRS-4 Pin=C?-2
Added Pin To Net: NetName=VRS-4 Pin=J?-1
Added Pin To Net: NetName=VRS-4 Pin=R?-2
Added Net: Name=VRS-4
Added Pin To Net: NetName=VRS-OUT1 Pin=C?-2
Added Pin To Net: NetName=VRS-OUT1 Pin=P?-1
Added Pin To Net: NetName=VRS-OUT1 Pin=R?-2
Added Net: Name=VRS-OUT1
Added Pin To Net: NetName=VRS-OUT2 Pin=C?-1
Added Pin To Net: NetName=VRS-OUT2 Pin=P?-2
Added Pin To Net: NetName=VRS-OUT2 Pin=R?-1
Added Net: Name=VRS-OUT2
Added Pin To Net: NetName=VRS-OUT3 Pin=C?-2
Added Pin To Net: NetName=VRS-OUT3 Pin=P?-3
Added Pin To Net: NetName=VRS-OUT3 Pin=R?-2
Added Net: Name=VRS-OUT3
Added Pin To Net: NetName=VRS-OUT4 Pin=C?-1
Added Pin To Net: NetName=VRS-OUT4 Pin=P?-4
Added Pin To Net: NetName=VRS-OUT4 Pin=R?-1
Added Net: Name=VRS-OUT4
Added Class: Name=电原理图
Added Room: Name=电原理图
