Change Component Designator: OldDesignator=C? NewDesignator=C1
Change Component Designator: OldDesignator=C? NewDesignator=C2
Change Component Designator: OldDesignator=C? NewDesignator=C3
Change Component Designator: OldDesignator=C? NewDesignator=C4
Change Component Designator: OldDesignator=C? NewDesignator=C5
Change Component Designator: OldDesignator=C? NewDesignator=C6
Change Component Designator: OldDesignator=C? NewDesignator=C7
Change Component Designator: OldDesignator=C? NewDesignator=C8
Change Component Designator: OldDesignator=C? NewDesignator=C9
Change Component Designator: OldDesignator=C? NewDesignator=C10
Change Component Designator: OldDesignator=C? NewDesignator=C11
Change Component Designator: OldDesignator=C? NewDesignator=C12
Change Component Designator: OldDesignator=C? NewDesignator=C13
Change Component Designator: OldDesignator=C? NewDesignator=C14
Change Component Designator: OldDesignator=C? NewDesignator=C15
Change Component Designator: OldDesignator=C? NewDesignator=C16
Change Component Designator: OldDesignator=C? NewDesignator=C17
Change Component Designator: OldDesignator=C? NewDesignator=C18
Change Component Designator: OldDesignator=C? NewDesignator=C19
Change Component Designator: OldDesignator=C? NewDesignator=C20
Change Component Designator: OldDesignator=C? NewDesignator=C21
Change Component Designator: OldDesignator=C? NewDesignator=C22
Change Component Designator: OldDesignator=C? NewDesignator=C23
Change Component Designator: OldDesignator=C? NewDesignator=C24
Change Component Designator: OldDesignator=C? NewDesignator=C25
Change Component Designator: OldDesignator=C? NewDesignator=C26
Change Component Designator: OldDesignator=C? NewDesignator=C27
Change Component Designator: OldDesignator=C? NewDesignator=C28
Change Component Designator: OldDesignator=C? NewDesignator=C29
Change Component Designator: OldDesignator=C? NewDesignator=C30
Change Component Designator: OldDesignator=C? NewDesignator=C31
Change Component Designator: OldDesignator=C? NewDesignator=C32
Change Component Designator: OldDesignator=C? NewDesignator=C33
Change Component Designator: OldDesignator=C? NewDesignator=C34
Change Component Designator: OldDesignator=C? NewDesignator=C35
Change Component Designator: OldDesignator=C? NewDesignator=C36
Change Component Designator: OldDesignator=C? NewDesignator=C37
Change Component Designator: OldDesignator=C? NewDesignator=C38
Change Component Designator: OldDesignator=C? NewDesignator=C39
Change Component Designator: OldDesignator=C? NewDesignator=C40
Change Component Designator: OldDesignator=J? NewDesignator=J1
Change Component Designator: OldDesignator=J? NewDesignator=J2
Change Component Designator: OldDesignator=J? NewDesignator=J3
Change Component Designator: OldDesignator=J? NewDesignator=J4
Change Component Designator: OldDesignator=J? NewDesignator=J5
Change Component Designator: OldDesignator=J? NewDesignator=J6
Change Component Designator: OldDesignator=J? NewDesignator=J7
Change Component Designator: OldDesignator=J? NewDesignator=J8
Change Component Designator: OldDesignator=J? NewDesignator=J9
Change Component Designator: OldDesignator=P? NewDesignator=P1
Change Component Designator: OldDesignator=P? NewDesignator=P2
Change Component Designator: OldDesignator=P? NewDesignator=P3
Change Component Designator: OldDesignator=P? NewDesignator=P4
Change Component Designator: OldDesignator=P? NewDesignator=P5
Change Component Designator: OldDesignator=P? NewDesignator=P6
Change Component Designator: OldDesignator=R? NewDesignator=R1
Change Component Designator: OldDesignator=R? NewDesignator=R2
Change Component Designator: OldDesignator=R? NewDesignator=R3
Change Component Designator: OldDesignator=R? NewDesignator=R4
Change Component Designator: OldDesignator=R? NewDesignator=R5
Change Component Designator: OldDesignator=R? NewDesignator=R6
Change Component Designator: OldDesignator=R? NewDesignator=R7
Change Component Designator: OldDesignator=R? NewDesignator=R8
Change Component Designator: OldDesignator=R? NewDesignator=R9
Change Component Designator: OldDesignator=R? NewDesignator=R10
Change Component Designator: OldDesignator=R? NewDesignator=R11
Change Component Designator: OldDesignator=R? NewDesignator=R12
Change Component Designator: OldDesignator=R? NewDesignator=R13
Change Component Designator: OldDesignator=R? NewDesignator=R14
Change Component Designator: OldDesignator=R? NewDesignator=R15
Change Component Designator: OldDesignator=R? NewDesignator=R16
Change Component Designator: OldDesignator=R? NewDesignator=R17
Change Component Designator: OldDesignator=R? NewDesignator=R18
Change Component Designator: OldDesignator=R? NewDesignator=R19
Change Component Designator: OldDesignator=R? NewDesignator=R20
Change Component Designator: OldDesignator=R? NewDesignator=R21
Change Component Designator: OldDesignator=R? NewDesignator=R22
Change Component Designator: OldDesignator=R? NewDesignator=R23
Change Component Designator: OldDesignator=R? NewDesignator=R24
Change Component Designator: OldDesignator=R? NewDesignator=R25
Change Component Designator: OldDesignator=R? NewDesignator=R26
Change Component Designator: OldDesignator=R? NewDesignator=R27
Change Component Designator: OldDesignator=R? NewDesignator=R28
Change Component Designator: OldDesignator=R? NewDesignator=R29
Change Component Designator: OldDesignator=R? NewDesignator=R30
Change Component Designator: OldDesignator=R? NewDesignator=R31
Change Component Designator: OldDesignator=R? NewDesignator=R32
Change Component Designator: OldDesignator=U? NewDesignator=U1
Change Component Designator: OldDesignator=U? NewDesignator=U2
Change Component Designator: OldDesignator=U? NewDesignator=U3
Change Component Designator: OldDesignator=U? NewDesignator=U4
Change Component Designator: OldDesignator=U? NewDesignator=U5
Change Component Designator: OldDesignator=U? NewDesignator=U6
Change Component Designator: OldDesignator=U? NewDesignator=U7
Change Component Designator: OldDesignator=U? NewDesignator=U8
Change Component Designator: OldDesignator=U? NewDesignator=U9
Change Component Designator: OldDesignator=U? NewDesignator=U10
Change Net Name : Old Net Name=NetC?_1 New Net Name=NetC40_1
Change Net Name : Old Net Name=NetC?_2 New Net Name=NetC11_2
Change Net Name : Old Net Name=NetR?_1 New Net Name=NetR22_2
Change Net Name : Old Net Name=NetR?_2 New Net Name=NetR24_2
Added Pin To Net: NetName=NetC11_1 Pin=C11-1
Added Pin To Net: NetName=NetC11_1 Pin=U2-2
Added Net: Name=NetC11_1
Added Pin To Net: NetName=NetC23_1 Pin=C23-1
Added Pin To Net: NetName=NetC23_1 Pin=U4-2
Added Net: Name=NetC23_1
Added Pin To Net: NetName=NetC23_2 Pin=C23-2
Added Pin To Net: NetName=NetC23_2 Pin=U4-4
Added Net: Name=NetC23_2
Added Pin To Net: NetName=NetC32_1 Pin=C32-1
Added Pin To Net: NetName=NetC32_1 Pin=R18-1
Added Pin To Net: NetName=NetC32_1 Pin=U7-3
Added Net: Name=NetC32_1
Added Pin To Net: NetName=NetR9_1 Pin=R9-1
Added Pin To Net: NetName=NetR9_1 Pin=R10-1
Added Pin To Net: NetName=NetR9_1 Pin=U5-2
Added Net: Name=NetR9_1
Added Pin To Net: NetName=NetR10_2 Pin=R10-2
Added Pin To Net: NetName=NetR10_2 Pin=R14-1
Added Pin To Net: NetName=NetR10_2 Pin=U5-6
Added Net: Name=NetR10_2
Added Pin To Net: NetName=NetR11_1 Pin=R11-1
Added Pin To Net: NetName=NetR11_1 Pin=R15-2
Added Pin To Net: NetName=NetR11_1 Pin=U6-6
Added Net: Name=NetR11_1
Added Pin To Net: NetName=NetR11_2 Pin=R11-2
Added Pin To Net: NetName=NetR11_2 Pin=R13-1
Added Pin To Net: NetName=NetR11_2 Pin=U6-2
Added Net: Name=NetR11_2
Added Pin To Net: NetName=NetR12_1 Pin=R12-1
Added Pin To Net: NetName=NetR12_1 Pin=R16-2
Added Pin To Net: NetName=NetR12_1 Pin=U7-6
Added Net: Name=NetR12_1
Added Pin To Net: NetName=NetR12_2 Pin=R12-2
Added Pin To Net: NetName=NetR12_2 Pin=U7-2
Added Net: Name=NetR12_2
Added Pin To Net: NetName=NetR15_1 Pin=R15-1
Added Pin To Net: NetName=NetR15_1 Pin=R19-1
Added Pin To Net: NetName=NetR15_1 Pin=U5-3
Added Net: Name=NetR15_1
Added Pin To Net: NetName=NetR16_1 Pin=R16-1
Added Pin To Net: NetName=NetR16_1 Pin=R20-1
Added Pin To Net: NetName=NetR16_1 Pin=U6-3
Added Net: Name=NetR16_1
Added Pin To Net: NetName=NetR21_1 Pin=R21-1
Added Pin To Net: NetName=NetR21_1 Pin=R22-1
Added Pin To Net: NetName=NetR21_1 Pin=U8-2
Added Net: Name=NetR21_1
Added Pin To Net: NetName=NetR23_1 Pin=R23-1
Added Pin To Net: NetName=NetR23_1 Pin=R27-2
Added Pin To Net: NetName=NetR23_1 Pin=U9-6
Added Net: Name=NetR23_1
Added Pin To Net: NetName=NetR23_2 Pin=R23-2
Added Pin To Net: NetName=NetR23_2 Pin=R25-1
Added Pin To Net: NetName=NetR23_2 Pin=U9-2
Added Net: Name=NetR23_2
Added Pin To Net: NetName=NetR24_1 Pin=R24-1
Added Pin To Net: NetName=NetR24_1 Pin=R28-2
Added Pin To Net: NetName=NetR24_1 Pin=U10-6
Added Net: Name=NetR24_1
Added Pin To Net: NetName=NetR27_1 Pin=R27-1
Added Pin To Net: NetName=NetR27_1 Pin=R31-1
Added Pin To Net: NetName=NetR27_1 Pin=U8-3
Added Net: Name=NetR27_1
Added Pin To Net: NetName=NetR28_1 Pin=R28-1
Added Pin To Net: NetName=NetR28_1 Pin=R32-1
Added Pin To Net: NetName=NetR28_1 Pin=U9-3
Added Net: Name=NetR28_1
Added Member To Class: ClassName=电原理图 Member=Component C1 0805-50V-0.1uF
Added Member To Class: ClassName=电原理图 Member=Component C2 0805-50V-0.1uF
Added Member To Class: ClassName=电原理图 Member=Component C3 CD-50V-10uF-F5(SMD)
Added Member To Class: ClassName=电原理图 Member=Component C4 0805-50V-0.1uF
Added Member To Class: ClassName=电原理图 Member=Component C5 CD-25V-220uF-F8(SMD)
Added Member To Class: ClassName=电原理图 Member=Component C6 0805-50V-0.1uF
Added Member To Class: ClassName=电原理图 Member=Component C7 0805-50V-0.1uF
Added Member To Class: ClassName=电原理图 Member=Component C8 0805-50V-0.1uF
Added Member To Class: ClassName=电原理图 Member=Component C9 0805-50V-0.1uF
Added Member To Class: ClassName=电原理图 Member=Component C11 CD-50V-10uF-F5(SMD)
Added Member To Class: ClassName=电原理图 Member=Component C12 CD-50V-10uF-F5(SMD)
Added Member To Class: ClassName=电原理图 Member=Component C13 CD-50V-3.3uF-F5(SMD)
Added Member To Class: ClassName=电原理图 Member=Component C14 CD-50V-3.3uF-F5(SMD)
Added Member To Class: ClassName=电原理图 Member=Component C15 0805-50V-0.1uF
Added Member To Class: ClassName=电原理图 Member=Component C16 CD-50V-10uF-F5(SMD)
Added Member To Class: ClassName=电原理图 Member=Component C17 0805-50V-0.1uF
Added Member To Class: ClassName=电原理图 Member=Component C18 0805-50V-47pF
Added Member To Class: ClassName=电原理图 Member=Component C19 0805-50V-47pF
Added Member To Class: ClassName=电原理图 Member=Component C20 0805-50V-47pF
Added Member To Class: ClassName=电原理图 Member=Component C21 0805-50V-47pF
Added Member To Class: ClassName=电原理图 Member=Component C22 0805-50V-0.1uF
Added Member To Class: ClassName=电原理图 Member=Component C23 CD-50V-10uF-F5(SMD)
Added Member To Class: ClassName=电原理图 Member=Component C24 CD-50V-10uF-F5(SMD)
Added Member To Class: ClassName=电原理图 Member=Component C25 0805-50V-0.1uF
Added Member To Class: ClassName=电原理图 Member=Component C26 0805-50V-0.1uF
Added Member To Class: ClassName=电原理图 Member=Component C27 0805-50V-0.1uF
Added Member To Class: ClassName=电原理图 Member=Component C28 0805-50V-0.1uF
Added Member To Class: ClassName=电原理图 Member=Component C29 0805-50V-0.1uF
Added Member To Class: ClassName=电原理图 Member=Component C30 0805-50V-0.1uF
Added Member To Class: ClassName=电原理图 Member=Component C31 0805-50V-0.1uF
Added Member To Class: ClassName=电原理图 Member=Component C32 0805-50V-47pF
Added Member To Class: ClassName=电原理图 Member=Component C33 0805-50V-0.1uF
Added Member To Class: ClassName=电原理图 Member=Component C34 0805-50V-0.1uF
Added Member To Class: ClassName=电原理图 Member=Component C35 0805-50V-0.1uF
Added Member To Class: ClassName=电原理图 Member=Component C36 0805-50V-0.1uF
Added Member To Class: ClassName=电原理图 Member=Component C37 0805-50V-0.1uF
Added Member To Class: ClassName=电原理图 Member=Component C38 0805-50V-0.1uF
Added Member To Class: ClassName=电原理图 Member=Component C39 0805-50V-0.1uF
Added Member To Class: ClassName=电原理图 Member=Component C40 0805-50V-47pF
Added Member To Class: ClassName=电原理图 Member=Component J1 VH3.96-2P
Added Member To Class: ClassName=电原理图 Member=Component J2 VH3.96-2P
Added Member To Class: ClassName=电原理图 Member=Component J3 VH3.96-2P
Added Member To Class: ClassName=电原理图 Member=Component J4 VH3.96-2P
Added Member To Class: ClassName=电原理图 Member=Component J5 VH3.96-2P
Added Member To Class: ClassName=电原理图 Member=Component J7 VH3.96-2P
Added Member To Class: ClassName=电原理图 Member=Component J8 VH3.96-2P
Added Member To Class: ClassName=电原理图 Member=Component J9 VH3.96-2P
Added Member To Class: ClassName=电原理图 Member=Component P1 A3144
Added Member To Class: ClassName=电原理图 Member=Component P2 A3144
Added Member To Class: ClassName=电原理图 Member=Component P3 A3144
Added Member To Class: ClassName=电原理图 Member=Component P4 A3144
Added Member To Class: ClassName=电原理图 Member=Component P5 Header 5
Added Member To Class: ClassName=电原理图 Member=Component R1 Res2
Added Member To Class: ClassName=电原理图 Member=Component R2 Res2
Added Member To Class: ClassName=电原理图 Member=Component R3 Res2
Added Member To Class: ClassName=电原理图 Member=Component R4 Res2
Added Member To Class: ClassName=电原理图 Member=Component R5 Res2
Added Member To Class: ClassName=电原理图 Member=Component R6 Res2
Added Member To Class: ClassName=电原理图 Member=Component R7 Res2
Added Member To Class: ClassName=电原理图 Member=Component R8 Res2
Added Member To Class: ClassName=电原理图 Member=Component R9 Res2
Added Member To Class: ClassName=电原理图 Member=Component R10 Res2
Added Member To Class: ClassName=电原理图 Member=Component R11 Res2
Added Member To Class: ClassName=电原理图 Member=Component R12 Res2
Added Member To Class: ClassName=电原理图 Member=Component R13 Res2
Added Member To Class: ClassName=电原理图 Member=Component R14 Res2
Added Member To Class: ClassName=电原理图 Member=Component R15 Res2
Added Member To Class: ClassName=电原理图 Member=Component R16 Res2
Added Member To Class: ClassName=电原理图 Member=Component R17 Res Tap
Added Member To Class: ClassName=电原理图 Member=Component R18 Res2
Added Member To Class: ClassName=电原理图 Member=Component R19 Res2
Added Member To Class: ClassName=电原理图 Member=Component R20 Res2
Added Member To Class: ClassName=电原理图 Member=Component R21 Res2
Added Member To Class: ClassName=电原理图 Member=Component R22 Res2
Added Member To Class: ClassName=电原理图 Member=Component R23 Res2
Added Member To Class: ClassName=电原理图 Member=Component R24 Res2
Added Member To Class: ClassName=电原理图 Member=Component R25 Res2
Added Member To Class: ClassName=电原理图 Member=Component R27 Res2
Added Member To Class: ClassName=电原理图 Member=Component R28 Res2
Added Member To Class: ClassName=电原理图 Member=Component R29 Res Tap
Added Member To Class: ClassName=电原理图 Member=Component R30 Res2
Added Member To Class: ClassName=电原理图 Member=Component R31 Res2
Added Member To Class: ClassName=电原理图 Member=Component R32 Res2
Added Member To Class: ClassName=电原理图 Member=Component U1 LM1117-1.5
Added Member To Class: ClassName=电原理图 Member=Component U3 LM1117-1.5
Added Member To Class: ClassName=电原理图 Member=Component U4 max860
Added Member To Class: ClassName=电原理图 Member=Component U5 OP27G
Added Member To Class: ClassName=电原理图 Member=Component U6 OP27G
Added Member To Class: ClassName=电原理图 Member=Component U7 OP27G
Added Member To Class: ClassName=电原理图 Member=Component U8 OP27G
Added Member To Class: ClassName=电原理图 Member=Component U9 OP27G
Added Member To Class: ClassName=电原理图 Member=Component U10 OP27G
Added Room: Name=电原理图
