Removed Pin From Net: NetName=+5V Pin=C1-1
Removed Pin From Net: NetName=+5V Pin=C5-1
Removed Pin From Net: NetName=GND Pin=C10-1
Removed Pin From Net: NetName=+5V Pin=C10-2
Removed Pin From Net: NetName=GND Pin=C12-1
Removed Pin From Net: NetName=+5V Pin=C15-2
Removed Pin From Net: NetName=GND Pin=C25-1
Removed Pin From Net: NetName=+5V Pin=C25-2
Removed Pin From Net: NetName=GND Pin=C26-1
Removed Pin From Net: NetName=GND Pin=C27-1
Removed Pin From Net: NetName=+5V Pin=C27-2
Removed Pin From Net: NetName=GND Pin=C28-1
Removed Pin From Net: NetName=GND Pin=C29-1
Removed Pin From Net: NetName=+5V Pin=C29-2
Removed Pin From Net: NetName=GND Pin=C30-1
Removed Pin From Net: NetName=GND Pin=C31-1
Removed Pin From Net: NetName=GND Pin=C32-2
Removed Pin From Net: NetName=GND Pin=C33-1
Removed Pin From Net: NetName=+5V Pin=C33-2
Removed Pin From Net: NetName=GND Pin=C34-1
Removed Pin From Net: NetName=GND Pin=C35-1
Removed Pin From Net: NetName=+5V Pin=C35-2
Removed Pin From Net: NetName=GND Pin=C36-1
Removed Pin From Net: NetName=GND Pin=C37-1
Removed Pin From Net: NetName=+5V Pin=C37-2
Removed Pin From Net: NetName=GND Pin=C38-1
Removed Pin From Net: NetName=GND Pin=C39-1
Removed Pin From Net: NetName=GND Pin=C40-2
Removed Pin From Net: NetName=+5V Pin=J1-1
Removed Pin From Net: NetName=GND Pin=J1-2
Removed Pin From Net: NetName=GND Pin=J6-2
Removed Pin From Net: NetName=GND Pin=J7-3
Removed Pin From Net: NetName=GND Pin=J8-2
Removed Pin From Net: NetName=+5V Pin=J9-1
Removed Pin From Net: NetName=GND Pin=J9-3
Removed Pin From Net: NetName=+5V Pin=P1-1
Removed Pin From Net: NetName=GND Pin=P1-2
Removed Pin From Net: NetName=+5V Pin=P2-1
Removed Pin From Net: NetName=GND Pin=P2-2
Removed Pin From Net: NetName=+5V Pin=P3-1
Removed Pin From Net: NetName=GND Pin=P3-2
Removed Pin From Net: NetName=+5V Pin=P4-1
Removed Pin From Net: NetName=GND Pin=P4-2
Removed Pin From Net: NetName=GND Pin=P5-5
Removed Pin From Net: NetName=+5V Pin=R1-1
Removed Pin From Net: NetName=+5V Pin=R2-1
Removed Pin From Net: NetName=+5V Pin=R3-1
Removed Pin From Net: NetName=+5V Pin=R4-1
Removed Pin From Net: NetName=GND Pin=R9-2
Removed Pin From Net: NetName=+1.5V Pin=R13-2
Removed Pin From Net: NetName=GND Pin=R19-2
Removed Pin From Net: NetName=GND Pin=R20-2
Removed Pin From Net: NetName=GND Pin=R21-2
Removed Pin From Net: NetName=+1.5V Pin=R25-2
Removed Pin From Net: NetName=GND Pin=R31-2
Removed Pin From Net: NetName=GND Pin=R32-2
Removed Pin From Net: NetName=GND Pin=U2-1
Removed Pin From Net: NetName=GND Pin=U2-3
Removed Pin From Net: NetName=GND Pin=U2-6
Removed Pin From Net: NetName=+5V Pin=U2-7
Removed Pin From Net: NetName=+5V Pin=U2-8
Removed Pin From Net: NetName=+5V Pin=U3-1
Removed Pin From Net: NetName=GND Pin=U3-2
Removed Pin From Net: NetName=+1.5V Pin=U3-3
Removed Pin From Net: NetName=+5V Pin=U5-7
Removed Pin From Net: NetName=+5V Pin=U6-7
Removed Pin From Net: NetName=+5V Pin=U7-7
Removed Pin From Net: NetName=+5V Pin=U8-7
Removed Pin From Net: NetName=+5V Pin=U9-7
Removed Pin From Net: NetName=+5V Pin=U10-7
Removed Member From Class: ClassName=电原理图 Member=C25
Removed Member From Class: ClassName=电原理图 Member=C26
Removed Member From Class: ClassName=电原理图 Member=C27
Removed Member From Class: ClassName=电原理图 Member=C28
Removed Member From Class: ClassName=电原理图 Member=C29
Removed Member From Class: ClassName=电原理图 Member=C30
Removed Member From Class: ClassName=电原理图 Member=C31
Removed Member From Class: ClassName=电原理图 Member=C32
Removed Member From Class: ClassName=电原理图 Member=C33
Removed Member From Class: ClassName=电原理图 Member=C34
Removed Member From Class: ClassName=电原理图 Member=C35
Removed Member From Class: ClassName=电原理图 Member=C36
Removed Member From Class: ClassName=电原理图 Member=C37
Removed Member From Class: ClassName=电原理图 Member=C38
Removed Member From Class: ClassName=电原理图 Member=C39
Removed Member From Class: ClassName=电原理图 Member=C40
Removed Member From Class: ClassName=电原理图 Member=J6
Removed Member From Class: ClassName=电原理图 Member=P1
Removed Member From Class: ClassName=电原理图 Member=P2
Removed Member From Class: ClassName=电原理图 Member=P3
Removed Member From Class: ClassName=电原理图 Member=P4
Removed Member From Class: ClassName=电原理图 Member=P5
Removed Member From Class: ClassName=电原理图 Member=P6
Removed Member From Class: ClassName=电原理图 Member=R2
Removed Member From Class: ClassName=电原理图 Member=R3
Removed Member From Class: ClassName=电原理图 Member=R22
Removed Member From Class: ClassName=电原理图 Member=R23
Removed Member From Class: ClassName=电原理图 Member=R24
Removed Member From Class: ClassName=电原理图 Member=R25
Removed Member From Class: ClassName=电原理图 Member=R26
Removed Member From Class: ClassName=电原理图 Member=R27
Removed Member From Class: ClassName=电原理图 Member=R28
Removed Member From Class: ClassName=电原理图 Member=R30
Removed Member From Class: ClassName=电原理图 Member=R31
Removed Member From Class: ClassName=电原理图 Member=R32
Change Component Footprint: Designator=R9 Old Footprint=0805 New Footprint=AXIAL-0.4
Change Component Footprint: Designator=R10 Old Footprint=0805 New Footprint=AXIAL-0.4
Change Component Footprint: Designator=R11 Old Footprint=0805 New Footprint=AXIAL-0.4
Change Component Footprint: Designator=R12 Old Footprint=0805 New Footprint=AXIAL-0.4
Change Component Footprint: Designator=R4 Old Footprint=AXIAL-0.4 New Footprint=0805
Change Component Footprint: Designator=R5 Old Footprint=AXIAL-0.4 New Footprint=0805
Change Component Footprint: Designator=R6 Old Footprint=AXIAL-0.4 New Footprint=0805
Change Component Footprint: Designator=R7 Old Footprint=AXIAL-0.4 New Footprint=0805
Change Component Footprint: Designator=R8 Old Footprint=AXIAL-0.4 New Footprint=0805
Change Component Footprint: Designator=C26 Old Footprint=CC0805 New Footprint=SMD-EC-F5
Change Component Footprint: Designator=C27 Old Footprint=CC0805 New Footprint=SMD-EC-F5
Change Component Footprint: Designator=C28 Old Footprint=CC0805 New Footprint=SMD-EC-F5
Change Component Footprint: Designator=C29 Old Footprint=CC0805 New Footprint=SMD-EC-F5
Change Component Footprint: Designator=U11 Old Footprint=DIP8 New Footprint=SO-8
Change Component Footprint: Designator=U12 Old Footprint=DIP8 New Footprint=SO-8
Change Component Footprint: Designator=C11 Old Footprint=SMD-EC-F5 New Footprint=CC0805
Change Component Footprint: Designator=C12 Old Footprint=SMD-EC-F5 New Footprint=CC0805
Change Component Footprint: Designator=J8 Old Footprint=VH3.96-2P New Footprint=HDR1X9
Change Component Footprint: Designator=J1 Old Footprint=VH3.96-2P New Footprint=HDR2X3
Change Component Footprint: Designator=J7 Old Footprint=VH3.96-3P New Footprint=USB TypeA 平插
Change Component Comment : Designator=C26 Old Comment=0805-50V-0.1uF New Comment=50V-100UF
Change Component Comment : Designator=C27 Old Comment=0805-50V-0.1uF New Comment=50V-100UF
Change Component Comment : Designator=C28 Old Comment=0805-50V-0.1uF New Comment=50V-100UF
Change Component Comment : Designator=C29 Old Comment=0805-50V-0.1uF New Comment=50V-100UF
Change Component Comment : Designator=C25 Old Comment=0805-50V-0.1uF New Comment=0805-0.1UF
Change Component Comment : Designator=C11 Old Comment=CD-50V-10uF-F5(SMD) New Comment=0805-50V-0.1uF
Change Component Comment : Designator=C12 Old Comment=CD-50V-10uF-F5(SMD) New Comment=0805-50V-0.1uF
Change Component Comment : Designator=U11 Old Comment=Component_1 New Comment=MCP6002
Change Component Comment : Designator=U12 Old Comment=Component_1 New Comment=MCP6002
Change Component Comment : Designator=U5 Old Comment=OP27G New Comment=A3144
Change Component Comment : Designator=U6 Old Comment=OP27G New Comment=A3144
Change Component Comment : Designator=U7 Old Comment=OP27G New Comment=A3144
Change Component Comment : Designator=U8 Old Comment=OP27G New Comment=A3144
Change Component Comment : Designator=U9 Old Comment=OP27G New Comment=A3144
Change Component Comment : Designator=U10 Old Comment=OP27G New Comment=A3144
Change Component Comment : Designator=J1 Old Comment=VH3.96-2P New Comment=Header 3X2
Change Component Comment : Designator=J8 Old Comment=VH3.96-2P New Comment=Header 9
Change Component Comment : Designator=J7 Old Comment=VH3.96-3P New Comment=USB TypeB
Change Component Designator: OldDesignator=C1 NewDesignator=C2
Change Component Designator: OldDesignator=C5 NewDesignator=C1
Change Component Designator: OldDesignator=C6 NewDesignator=C5
Change Component Designator: OldDesignator=C15 NewDesignator=C3
Change Component Designator: OldDesignator=C16 NewDesignator=C4
Change Component Designator: OldDesignator=C17 NewDesignator=C13
Change Component Designator: OldDesignator=C22 NewDesignator=C15
Change Component Designator: OldDesignator=C23 NewDesignator=C14
Change Component Designator: OldDesignator=C24 NewDesignator=C16
Change Component Designator: OldDesignator=P6 NewDesignator=J9
Change Component Designator: OldDesignator=R1 NewDesignator=R5
Change Component Designator: OldDesignator=R5 NewDesignator=R18
Change Component Designator: OldDesignator=R6 NewDesignator=R19
Change Component Designator: OldDesignator=R7 NewDesignator=R20
Change Component Designator: OldDesignator=R8 NewDesignator=R21
Change Component Designator: OldDesignator=U3 NewDesignator=U1
Change Component Designator: OldDesignator=U4 NewDesignator=U2
Added Component: Designator=C6(CC0805)
Added Component: Designator=J10(HDR2X4)
Added Component: Designator=J20(HDR2X4H)
Added Component: Designator=J21(HDR1X2H)
Added Component: Designator=J22(HDR1X2H)
Added Component: Designator=J23(HDR1X2H)
Added Component: Designator=J24(HDR1X2H)
Added Component: Designator=J25(HDR1X2H)
Added Component: Designator=J31(HDR1X3)
Added Component: Designator=R1(0805)
Added Component: Designator=R6(AXIAL-0.4)
Added Component: Designator=R7(AXIAL-0.4)
Added Component: Designator=R8(AXIAL-0.4)
Added Component: Designator=R33(0805)
Added Component: Designator=R35(0805)
Added Component: Designator=R36(0805)
Added Component: Designator=R37(0805)
Added Component: Designator=R38(0805)
Added Component: Designator=U13(SSOP20)
Added Component: Designator=U21(SOP-20)
Added Component: Designator=U22(BTN7970)
Added Component: Designator=U23(BTN7970)
Added Component: Designator=U24(BTN7970)
Added Component: Designator=U25(BTN7970)
Added Component: Designator=U31(Arduino Nano)
Added Pin To Net: NetName=GND Pin=C6-2
Added Pin To Net: NetName=GND Pin=C10-2
Added Pin To Net: NetName=GND Pin=C11-2
Added Pin To Net: NetName=GND Pin=C12-2
Added Pin To Net: NetName=GND Pin=C25-2
Added Pin To Net: NetName=GND Pin=C26-2
Added Pin To Net: NetName=GND Pin=C27-2
Added Pin To Net: NetName=GND Pin=C28-2
Added Pin To Net: NetName=GND Pin=C29-2
Added Pin To Net: NetName=+5V Pin=J1-2
Added Pin To Net: NetName=GND Pin=J1-3
Added Pin To Net: NetName=+5V Pin=J1-4
Added Pin To Net: NetName=GND Pin=J1-5
Added Pin To Net: NetName=GND Pin=J1-6
Added Pin To Net: NetName=GND Pin=J7-4
Added Pin To Net: NetName=GND Pin=J8-9
Added Pin To Net: NetName=GND Pin=J10-3
Added Pin To Net: NetName=GND Pin=J10-4
Added Pin To Net: NetName=GND Pin=J20-2
Added Pin To Net: NetName=GND Pin=J20-4
Added Pin To Net: NetName=GND Pin=J21-2
Added Pin To Net: NetName=GND Pin=J22-2
Added Pin To Net: NetName=GND Pin=J23-2
Added Pin To Net: NetName=GND Pin=J24-2
Added Pin To Net: NetName=GND Pin=J25-2
Added Pin To Net: NetName=GND Pin=J31-3
Added Pin To Net: NetName=GND Pin=R21-1
Added Pin To Net: NetName=GND Pin=R22-1
Added Pin To Net: NetName=GND Pin=R23-1
Added Pin To Net: NetName=GND Pin=R24-1
Added Pin To Net: NetName=GND Pin=R25-1
Added Pin To Net: NetName=GND Pin=R26-1
Added Pin To Net: NetName=GND Pin=R27-1
Added Pin To Net: NetName=GND Pin=R28-1
Added Pin To Net: NetName=GND Pin=R30-1
Added Pin To Net: NetName=GND Pin=R31-1
Added Pin To Net: NetName=GND Pin=R32-1
Added Pin To Net: NetName=GND Pin=R33-1
Added Pin To Net: NetName=GND Pin=R35-1
Added Pin To Net: NetName=GND Pin=R36-1
Added Pin To Net: NetName=GND Pin=R37-1
Added Pin To Net: NetName=GND Pin=R38-1
Added Pin To Net: NetName=GND Pin=U1-1
Added Pin To Net: NetName=+1.5V Pin=U1-2
Added Pin To Net: NetName=GND Pin=U5-2
Added Pin To Net: NetName=GND Pin=U6-2
Added Pin To Net: NetName=GND Pin=U7-2
Added Pin To Net: NetName=GND Pin=U8-2
Added Pin To Net: NetName=GND Pin=U9-2
Added Pin To Net: NetName=GND Pin=U10-2
Added Pin To Net: NetName=GND Pin=U13-1
Added Pin To Net: NetName=GND Pin=U13-2
Added Pin To Net: NetName=GND Pin=U13-3
Added Pin To Net: NetName=GND Pin=U13-10
Added Pin To Net: NetName=GND Pin=U21-1
Added Pin To Net: NetName=GND Pin=U21-10
Added Pin To Net: NetName=GND Pin=U21-19
Added Pin To Net: NetName=GND Pin=U22-1
Added Pin To Net: NetName=GND Pin=U23-1
Added Pin To Net: NetName=GND Pin=U24-1
Added Pin To Net: NetName=GND Pin=U25-1
Added Pin To Net: NetName=GND Pin=U31-14
Added Pin To Net: NetName=+5V Pin=U31-15
Change Net Name : Old Net Name=NetC23_1 New Net Name=NetC14_1
Change Net Name : Old Net Name=NetC23_2 New Net Name=NetC14_2
Added Pin To Net: NetName=+3.3V Pin=C1-1
Added Pin To Net: NetName=+3.3V Pin=C2-1
Added Pin To Net: NetName=+3.3V Pin=C3-2
Added Pin To Net: NetName=+3.3V Pin=J1-1
Added Pin To Net: NetName=+3.3V Pin=J10-1
Added Pin To Net: NetName=+3.3V Pin=J10-2
Added Pin To Net: NetName=+3.3V Pin=R1-1
Added Pin To Net: NetName=+3.3V Pin=R4-1
Added Pin To Net: NetName=+3.3V Pin=R5-1
Added Pin To Net: NetName=+3.3V Pin=R6-1
Added Pin To Net: NetName=+3.3V Pin=R7-1
Added Pin To Net: NetName=+3.3V Pin=R8-1
Added Pin To Net: NetName=+3.3V Pin=R9-1
Added Pin To Net: NetName=+3.3V Pin=R10-1
Added Pin To Net: NetName=+3.3V Pin=R11-1
Added Pin To Net: NetName=+3.3V Pin=R12-1
Added Pin To Net: NetName=+3.3V Pin=R13-1
Added Pin To Net: NetName=+3.3V Pin=R14-1
Added Pin To Net: NetName=+3.3V Pin=R15-1
Added Pin To Net: NetName=+3.3V Pin=R16-1
Added Pin To Net: NetName=+3.3V Pin=U1-3
Added Pin To Net: NetName=+3.3V Pin=U5-1
Added Pin To Net: NetName=+3.3V Pin=U6-1
Added Pin To Net: NetName=+3.3V Pin=U7-1
Added Pin To Net: NetName=+3.3V Pin=U8-1
Added Pin To Net: NetName=+3.3V Pin=U9-1
Added Pin To Net: NetName=+3.3V Pin=U10-1
Added Pin To Net: NetName=+3.3V Pin=U13-20
Added Pin To Net: NetName=+3.3V Pin=U31-2
Added Net: Name=+3.3V
Added Pin To Net: NetName=AS5600_1_SCL Pin=J10-8
Added Pin To Net: NetName=AS5600_1_SCL Pin=R4-2
Added Pin To Net: NetName=AS5600_1_SCL Pin=U13-6
Added Net: Name=AS5600_1_SCL
Added Pin To Net: NetName=AS5600_1_SDA Pin=J10-6
Added Pin To Net: NetName=AS5600_1_SDA Pin=R1-2
Added Pin To Net: NetName=AS5600_1_SDA Pin=U13-5
Added Net: Name=AS5600_1_SDA
Added Pin To Net: NetName=AS5600_2_SCL Pin=J10-7
Added Pin To Net: NetName=AS5600_2_SCL Pin=R14-2
Added Pin To Net: NetName=AS5600_2_SCL Pin=U13-9
Added Net: Name=AS5600_2_SCL
Added Pin To Net: NetName=AS5600_2_SDA Pin=J10-5
Added Pin To Net: NetName=AS5600_2_SDA Pin=R13-2
Added Pin To Net: NetName=AS5600_2_SDA Pin=U13-8
Added Net: Name=AS5600_2_SDA
Added Pin To Net: NetName=FORCE_1 Pin=U31-7
Added Net: Name=FORCE_1
Added Pin To Net: NetName=FORCE_2 Pin=U31-6
Added Net: Name=FORCE_2
Added Pin To Net: NetName=FORCE_3 Pin=U31-5
Added Net: Name=FORCE_3
Added Pin To Net: NetName=FORCE_4 Pin=U31-4
Added Net: Name=FORCE_4
Added Pin To Net: NetName=IS1 Pin=R31-2
Added Pin To Net: NetName=IS1 Pin=U22-6
Added Net: Name=IS1
Added Pin To Net: NetName=IS2 Pin=R33-2
Added Pin To Net: NetName=IS2 Pin=U23-6
Added Net: Name=IS2
Added Pin To Net: NetName=IS3 Pin=R36-2
Added Pin To Net: NetName=IS3 Pin=U24-6
Added Net: Name=IS3
Added Pin To Net: NetName=IS4 Pin=R38-2
Added Pin To Net: NetName=IS4 Pin=U25-6
Added Net: Name=IS4
Added Pin To Net: NetName=NetC26_1 Pin=C26-1
Added Pin To Net: NetName=NetC26_1 Pin=C27-1
Added Pin To Net: NetName=NetC26_1 Pin=C28-1
Added Pin To Net: NetName=NetC26_1 Pin=C29-1
Added Pin To Net: NetName=NetC26_1 Pin=J21-1
Added Pin To Net: NetName=NetC26_1 Pin=U22-7
Added Pin To Net: NetName=NetC26_1 Pin=U23-7
Added Pin To Net: NetName=NetC26_1 Pin=U24-7
Added Pin To Net: NetName=NetC26_1 Pin=U25-7
Added Net: Name=NetC26_1
Added Pin To Net: NetName=NetJ22_1 Pin=J22-1
Added Pin To Net: NetName=NetJ22_1 Pin=U22-4
Added Pin To Net: NetName=NetJ22_1 Pin=U22-8
Added Net: Name=NetJ22_1
Added Pin To Net: NetName=NetJ23_1 Pin=J23-1
Added Pin To Net: NetName=NetJ23_1 Pin=U23-4
Added Pin To Net: NetName=NetJ23_1 Pin=U23-8
Added Net: Name=NetJ23_1
Added Pin To Net: NetName=NetJ24_1 Pin=J24-1
Added Pin To Net: NetName=NetJ24_1 Pin=U24-4
Added Pin To Net: NetName=NetJ24_1 Pin=U24-8
Added Net: Name=NetJ24_1
Added Pin To Net: NetName=NetJ25_1 Pin=J25-1
Added Pin To Net: NetName=NetJ25_1 Pin=U25-4
Added Pin To Net: NetName=NetJ25_1 Pin=U25-8
Added Net: Name=NetJ25_1
Added Pin To Net: NetName=NetR30_2 Pin=R30-2
Added Pin To Net: NetName=NetR30_2 Pin=U22-5
Added Net: Name=NetR30_2
Added Pin To Net: NetName=NetR32_2 Pin=R32-2
Added Pin To Net: NetName=NetR32_2 Pin=U23-5
Added Net: Name=NetR32_2
Added Pin To Net: NetName=NetR35_2 Pin=R35-2
Added Pin To Net: NetName=NetR35_2 Pin=U24-5
Added Net: Name=NetR35_2
Added Pin To Net: NetName=NetR37_2 Pin=R37-2
Added Pin To Net: NetName=NetR37_2 Pin=U25-5
Added Net: Name=NetR37_2
Added Pin To Net: NetName=NetU21_3 Pin=U21-3
Added Pin To Net: NetName=NetU21_3 Pin=U25-3
Added Net: Name=NetU21_3
Added Pin To Net: NetName=NetU21_5 Pin=U21-5
Added Pin To Net: NetName=NetU21_5 Pin=U25-2
Added Net: Name=NetU21_5
Added Pin To Net: NetName=NetU21_7 Pin=U21-7
Added Pin To Net: NetName=NetU21_7 Pin=U24-3
Added Net: Name=NetU21_7
Added Pin To Net: NetName=NetU21_9 Pin=U21-9
Added Pin To Net: NetName=NetU21_9 Pin=U24-2
Added Net: Name=NetU21_9
Added Pin To Net: NetName=NetU21_12 Pin=U21-12
Added Pin To Net: NetName=NetU21_12 Pin=U23-3
Added Net: Name=NetU21_12
Added Pin To Net: NetName=NetU21_14 Pin=U21-14
Added Pin To Net: NetName=NetU21_14 Pin=U23-2
Added Net: Name=NetU21_14
Added Pin To Net: NetName=NetU21_16 Pin=U21-16
Added Pin To Net: NetName=NetU21_16 Pin=U22-3
Added Net: Name=NetU21_16
Added Pin To Net: NetName=NetU21_18 Pin=U21-18
Added Pin To Net: NetName=NetU21_18 Pin=U22-2
Added Net: Name=NetU21_18
Added Pin To Net: NetName=NRST1 Pin=U31-18
Added Net: Name=NRST1
Added Pin To Net: NetName=NRST2 Pin=U31-13
Added Net: Name=NRST2
Added Pin To Net: NetName=R1_PWM Pin=J20-5
Added Pin To Net: NetName=R1_PWM Pin=R21-2
Added Pin To Net: NetName=R1_PWM Pin=U21-2
Added Pin To Net: NetName=R1_PWM Pin=U31-26
Added Net: Name=R1_PWM
Added Pin To Net: NetName=R2_PWM Pin=J20-6
Added Pin To Net: NetName=R2_PWM Pin=R23-2
Added Pin To Net: NetName=R2_PWM Pin=U21-6
Added Pin To Net: NetName=R2_PWM Pin=U31-27
Added Net: Name=R2_PWM
Added Pin To Net: NetName=R3_PWM Pin=J20-7
Added Pin To Net: NetName=R3_PWM Pin=R25-2
Added Pin To Net: NetName=R3_PWM Pin=U21-11
Added Pin To Net: NetName=R3_PWM Pin=U31-28
Added Net: Name=R3_PWM
Added Pin To Net: NetName=R4_PWM Pin=J20-8
Added Pin To Net: NetName=R4_PWM Pin=R27-2
Added Pin To Net: NetName=R4_PWM Pin=U21-15
Added Pin To Net: NetName=R4_PWM Pin=U31-29
Added Net: Name=R4_PWM
Added Pin To Net: NetName=RXD Pin=J31-1
Added Pin To Net: NetName=RXD Pin=U31-17
Added Net: Name=RXD
Added Pin To Net: NetName=SCL Pin=R16-2
Added Pin To Net: NetName=SCL Pin=U13-18
Added Pin To Net: NetName=SCL Pin=U31-9
Added Net: Name=SCL
Added Pin To Net: NetName=SDA Pin=R15-2
Added Pin To Net: NetName=SDA Pin=U13-19
Added Pin To Net: NetName=SDA Pin=U31-8
Added Net: Name=SDA
Added Pin To Net: NetName=SPEED_1 Pin=C5-1
Added Pin To Net: NetName=SPEED_1 Pin=J8-1
Added Pin To Net: NetName=SPEED_1 Pin=R5-2
Added Pin To Net: NetName=SPEED_1 Pin=U31-20
Added Net: Name=SPEED_1
Added Pin To Net: NetName=SPEED_2 Pin=C6-1
Added Pin To Net: NetName=SPEED_2 Pin=J8-2
Added Pin To Net: NetName=SPEED_2 Pin=R6-2
Added Pin To Net: NetName=SPEED_2 Pin=U31-21
Added Net: Name=SPEED_2
Added Pin To Net: NetName=SPEED_3 Pin=C7-1
Added Pin To Net: NetName=SPEED_3 Pin=J8-3
Added Pin To Net: NetName=SPEED_3 Pin=R7-2
Added Pin To Net: NetName=SPEED_3 Pin=U5-3
Added Pin To Net: NetName=SPEED_3 Pin=U31-22
Added Net: Name=SPEED_3
Added Pin To Net: NetName=SPEED_4 Pin=C8-1
Added Pin To Net: NetName=SPEED_4 Pin=J8-4
Added Pin To Net: NetName=SPEED_4 Pin=R8-2
Added Pin To Net: NetName=SPEED_4 Pin=U6-3
Added Pin To Net: NetName=SPEED_4 Pin=U31-23
Added Net: Name=SPEED_4
Added Pin To Net: NetName=SPEED_5 Pin=C9-1
Added Pin To Net: NetName=SPEED_5 Pin=J8-5
Added Pin To Net: NetName=SPEED_5 Pin=R9-2
Added Pin To Net: NetName=SPEED_5 Pin=U7-3
Added Pin To Net: NetName=SPEED_5 Pin=U31-24
Added Net: Name=SPEED_5
Added Pin To Net: NetName=SPEED_6 Pin=C10-1
Added Pin To Net: NetName=SPEED_6 Pin=J8-6
Added Pin To Net: NetName=SPEED_6 Pin=R10-2
Added Pin To Net: NetName=SPEED_6 Pin=U8-3
Added Pin To Net: NetName=SPEED_6 Pin=U31-25
Added Net: Name=SPEED_6
Added Pin To Net: NetName=SPEED_7 Pin=C11-1
Added Pin To Net: NetName=SPEED_7 Pin=J8-7
Added Pin To Net: NetName=SPEED_7 Pin=R11-2
Added Pin To Net: NetName=SPEED_7 Pin=U9-3
Added Pin To Net: NetName=SPEED_7 Pin=U31-11
Added Net: Name=SPEED_7
Added Pin To Net: NetName=SPEED_8 Pin=C12-1
Added Pin To Net: NetName=SPEED_8 Pin=J8-8
Added Pin To Net: NetName=SPEED_8 Pin=R12-2
Added Pin To Net: NetName=SPEED_8 Pin=U10-3
Added Pin To Net: NetName=SPEED_8 Pin=U31-10
Added Net: Name=SPEED_8
Added Pin To Net: NetName=TXD Pin=J31-2
Added Net: Name=TXD
Added Pin To Net: NetName=VCC Pin=C25-1
Added Pin To Net: NetName=VCC Pin=J20-1
Added Pin To Net: NetName=VCC Pin=J20-3
Added Pin To Net: NetName=VCC Pin=R22-2
Added Pin To Net: NetName=VCC Pin=R24-2
Added Pin To Net: NetName=VCC Pin=R26-2
Added Pin To Net: NetName=VCC Pin=R28-2
Added Pin To Net: NetName=VCC Pin=U21-4
Added Pin To Net: NetName=VCC Pin=U21-8
Added Pin To Net: NetName=VCC Pin=U21-13
Added Pin To Net: NetName=VCC Pin=U21-17
Added Pin To Net: NetName=VCC Pin=U21-20
Added Net: Name=VCC
Added Class: Name=Arduino Nano
Added Class: Name=BTS7960
Added Member To Class: ClassName=电原理图 Member=Component C2 0805-50V-0.1uF
Added Member To Class: ClassName=电原理图 Member=Component J10 Header 4X2
Added Member To Class: ClassName=电原理图 Member=Component U13 PCA9544
Added Room: Name=Arduino Nano
Added Room: Name=BTS7960
Added Room: Name=电原理图
