Removed Pin From Net: NetName=S01 Pin=J28-3
Removed Pin From Net: NetName=S00 Pin=J28-4
Removed Pin From Net: NetName=S09 Pin=J28-39
Removed Pin From Net: NetName=S08 Pin=J28-40
Removed Pin From Net: NetName=S15 Pin=J28-41
Removed Pin From Net: NetName=S14 Pin=J28-42
Removed Pin From Net: NetName=S13 Pin=J28-43
Removed Pin From Net: NetName=S12 Pin=J28-44
Removed Pin From Net: NetName=S04 Pin=J29-5
Removed Pin From Net: NetName=S06 Pin=J29-7
Removed Pin From Net: NetName=S02 Pin=J29-13
Removed Pin From Net: NetName=S03 Pin=J29-14
Removed Pin From Net: NetName=S05 Pin=J29-22
Removed Pin From Net: NetName=S07 Pin=J29-30
Removed Pin From Net: NetName=S10 Pin=J29-39
Removed Pin From Net: NetName=S11 Pin=J29-40
Removed Pin From Net: NetName=RX0 Pin=J31-1
Removed Pin From Net: NetName=TX0 Pin=J31-2
Removed Pin From Net: NetName=GND Pin=J31-3
Change Component Footprint: Designator=J31 Old Footprint=HDR1X3 New Footprint=HDR2X3
Change Component Comment : Designator=J31 Old Comment=XH2.54-3P New Comment=Header 3X2
Added Component: Designator=C35(CC0805)
Added Component: Designator=C49(CC0805)
Added Component: Designator=C50(CC0805)
Added Component: Designator=C51(CC0805)
Added Component: Designator=C52(CC0805)
Added Component: Designator=C53(CC0805)
Added Component: Designator=C54(CC0805)
Added Component: Designator=C55(CC0805)
Added Component: Designator=C56(CC0805)
Added Component: Designator=C57(CC0805)
Added Component: Designator=C58(CC0805)
Added Component: Designator=C59(CC0805)
Added Component: Designator=C60(CC0805)
Added Component: Designator=J7(HDR1X8)
Added Component: Designator=LED5(LED0603)
Added Component: Designator=P1(HDR2X4)
Added Component: Designator=R1(0805)
Added Component: Designator=R50(0805)
Added Component: Designator=R51(0805)
Added Component: Designator=R52(0805)
Added Component: Designator=R66(0805)
Added Component: Designator=U11(LQFP48)
Added Component: Designator=U13(LGA28)
Added Component: Designator=Y1(XTAL-FA135)
Added Component: Designator=Y2(XT49M)
Added Component: Designator=Y3(XTAL-FA135)
Added Pin To Net: NetName=GND Pin=C35-1
Added Pin To Net: NetName=+3.3V Pin=C35-2
Added Pin To Net: NetName=GND Pin=C49-1
Added Pin To Net: NetName=+3.3V Pin=C49-2
Added Pin To Net: NetName=GND Pin=C50-1
Added Pin To Net: NetName=+3.3V Pin=C50-2
Added Pin To Net: NetName=GND Pin=C51-1
Added Pin To Net: NetName=+3.3V Pin=C51-2
Added Pin To Net: NetName=GND Pin=C52-1
Added Pin To Net: NetName=+3.3V Pin=C52-2
Added Pin To Net: NetName=GND Pin=C53-1
Added Pin To Net: NetName=+3.3V Pin=C53-2
Added Pin To Net: NetName=GND Pin=C54-2
Added Pin To Net: NetName=GND Pin=C55-2
Added Pin To Net: NetName=GND Pin=C56-2
Added Pin To Net: NetName=GND Pin=C57-2
Added Pin To Net: NetName=GND Pin=C58-2
Added Pin To Net: NetName=GND Pin=C59-2
Added Pin To Net: NetName=GND Pin=C60-2
Added Pin To Net: NetName=GND Pin=J7-7
Added Pin To Net: NetName=+3.3V Pin=J7-8
Added Pin To Net: NetName=RX0 Pin=J31-2
Added Pin To Net: NetName=TX0 Pin=J31-4
Added Pin To Net: NetName=GND Pin=J31-5
Added Pin To Net: NetName=GND Pin=J31-6
Added Pin To Net: NetName=GND Pin=LED5-2
Added Pin To Net: NetName=+3.3V Pin=P1-1
Added Pin To Net: NetName=+3.3V Pin=P1-2
Added Pin To Net: NetName=GND Pin=P1-7
Added Pin To Net: NetName=GND Pin=P1-8
Added Pin To Net: NetName=GND Pin=R1-1
Added Pin To Net: NetName=+3.3V Pin=R50-2
Added Pin To Net: NetName=+3.3V Pin=R51-2
Added Pin To Net: NetName=+3.3V Pin=R52-2
Added Pin To Net: NetName=GND Pin=U11-8
Added Pin To Net: NetName=+3.3V Pin=U11-9
Added Pin To Net: NetName=S00 Pin=U11-18
Added Pin To Net: NetName=S04 Pin=U11-19
Added Pin To Net: NetName=S08 Pin=U11-20
Added Pin To Net: NetName=S10 Pin=U11-21
Added Pin To Net: NetName=S14 Pin=U11-22
Added Pin To Net: NetName=GND Pin=U11-23
Added Pin To Net: NetName=+3.3V Pin=U11-24
Added Pin To Net: NetName=S03 Pin=U11-25
Added Pin To Net: NetName=S07 Pin=U11-26
Added Pin To Net: NetName=S11 Pin=U11-27
Added Pin To Net: NetName=S15 Pin=U11-28
Added Pin To Net: NetName=GND Pin=U11-35
Added Pin To Net: NetName=+3.3V Pin=U11-36
Added Pin To Net: NetName=S12 Pin=U11-39
Added Pin To Net: NetName=S01 Pin=U11-40
Added Pin To Net: NetName=S05 Pin=U11-41
Added Pin To Net: NetName=S09 Pin=U11-42
Added Pin To Net: NetName=S13 Pin=U11-43
Added Pin To Net: NetName=S02 Pin=U11-45
Added Pin To Net: NetName=S06 Pin=U11-46
Added Pin To Net: NetName=GND Pin=U11-47
Added Pin To Net: NetName=+3.3V Pin=U11-48
Added Pin To Net: NetName=GND Pin=U13-2
Added Pin To Net: NetName=+3.3V Pin=U13-3
Added Pin To Net: NetName=GND Pin=U13-5
Added Pin To Net: NetName=GND Pin=U13-6
Added Pin To Net: NetName=GND Pin=U13-10
Added Pin To Net: NetName=GND Pin=U13-17
Added Pin To Net: NetName=GND Pin=U13-25
Added Pin To Net: NetName=+3.3V Pin=U13-28
Added Pin To Net: NetName=BNO_INT Pin=J29-30
Added Pin To Net: NetName=BNO_INT Pin=U13-14
Added Net: Name=BNO_INT
Added Pin To Net: NetName=BNO_SCL Pin=J29-39
Added Pin To Net: NetName=BNO_SCL Pin=R51-1
Added Pin To Net: NetName=BNO_SCL Pin=U13-19
Added Net: Name=BNO_SCL
Added Pin To Net: NetName=BNO_SDA Pin=J29-40
Added Pin To Net: NetName=BNO_SDA Pin=R52-1
Added Pin To Net: NetName=BNO_SDA Pin=U13-20
Added Net: Name=BNO_SDA
Added Pin To Net: NetName=LCD_CS Pin=J7-6
Added Pin To Net: NetName=LCD_CS Pin=U11-11
Added Net: Name=LCD_CS
Added Pin To Net: NetName=LCD_DC Pin=J7-4
Added Pin To Net: NetName=LCD_DC Pin=U11-16
Added Net: Name=LCD_DC
Added Pin To Net: NetName=LCD_LED Pin=J7-1
Added Pin To Net: NetName=LCD_LED Pin=U11-10
Added Net: Name=LCD_LED
Added Pin To Net: NetName=LCD_MOSI Pin=J7-3
Added Pin To Net: NetName=LCD_MOSI Pin=U11-17
Added Net: Name=LCD_MOSI
Added Pin To Net: NetName=LCD_RST Pin=J7-5
Added Pin To Net: NetName=LCD_RST Pin=U11-14
Added Net: Name=LCD_RST
Added Pin To Net: NetName=LCD_SCK Pin=J7-2
Added Pin To Net: NetName=LCD_SCK Pin=U11-15
Added Net: Name=LCD_SCK
Added Pin To Net: NetName=NetC54_1 Pin=C54-1
Added Pin To Net: NetName=NetC54_1 Pin=U13-9
Added Net: Name=NetC54_1
Added Pin To Net: NetName=NetLED5_1 Pin=LED5-1
Added Pin To Net: NetName=NetLED5_1 Pin=R66-1
Added Net: Name=NetLED5_1
Added Pin To Net: NetName=NetR1_2 Pin=R1-2
Added Pin To Net: NetName=NetR1_2 Pin=U11-44
Added Net: Name=NetR1_2
Added Pin To Net: NetName=NetR50_1 Pin=R50-1
Added Pin To Net: NetName=NetR50_1 Pin=U13-4
Added Net: Name=NetR50_1
Added Pin To Net: NetName=NetR66_2 Pin=R66-2
Added Pin To Net: NetName=NetR66_2 Pin=U11-2
Added Net: Name=NetR66_2
Added Pin To Net: NetName=NRST Pin=J29-10
Added Pin To Net: NetName=NRST Pin=U11-7
Added Pin To Net: NetName=NRST Pin=U13-11
Added Net: Name=NRST
Added Pin To Net: NetName=OSC32_IN Pin=C59-1
Added Pin To Net: NetName=OSC32_IN Pin=U11-3
Added Pin To Net: NetName=OSC32_IN Pin=Y3-2
Added Net: Name=OSC32_IN
Added Pin To Net: NetName=OSC32_OUT Pin=C60-1
Added Pin To Net: NetName=OSC32_OUT Pin=U11-4
Added Pin To Net: NetName=OSC32_OUT Pin=Y3-1
Added Net: Name=OSC32_OUT
Added Pin To Net: NetName=OSC_IN Pin=C57-1
Added Pin To Net: NetName=OSC_IN Pin=U11-5
Added Pin To Net: NetName=OSC_IN Pin=Y2-2
Added Net: Name=OSC_IN
Added Pin To Net: NetName=OSC_OUT Pin=C58-1
Added Pin To Net: NetName=OSC_OUT Pin=U11-6
Added Pin To Net: NetName=OSC_OUT Pin=Y2-1
Added Net: Name=OSC_OUT
Added Pin To Net: NetName=RX1 Pin=J31-1
Added Pin To Net: NetName=RX1 Pin=U11-31
Added Net: Name=RX1
Added Pin To Net: NetName=RX5 Pin=J28-44
Added Pin To Net: NetName=RX5 Pin=U11-12
Added Net: Name=RX5
Added Pin To Net: NetName=SWCLK_F103 Pin=P1-5
Added Pin To Net: NetName=SWCLK_F103 Pin=U11-37
Added Net: Name=SWCLK_F103
Added Pin To Net: NetName=SWCLK_H750 Pin=P1-6
Added Net: Name=SWCLK_H750
Added Pin To Net: NetName=SWDIO_F103 Pin=P1-3
Added Pin To Net: NetName=SWDIO_F103 Pin=U11-34
Added Net: Name=SWDIO_F103
Added Pin To Net: NetName=SWDIO_H750 Pin=P1-4
Added Net: Name=SWDIO_H750
Added Pin To Net: NetName=TX1 Pin=J31-3
Added Pin To Net: NetName=TX1 Pin=U11-30
Added Net: Name=TX1
Added Pin To Net: NetName=TX5 Pin=J28-43
Added Pin To Net: NetName=TX5 Pin=U11-13
Added Net: Name=TX5
Added Pin To Net: NetName=X1 Pin=C55-1
Added Pin To Net: NetName=X1 Pin=U13-27
Added Pin To Net: NetName=X1 Pin=Y1-2
Added Net: Name=X1
Added Pin To Net: NetName=X2 Pin=C56-1
Added Pin To Net: NetName=X2 Pin=U13-26
Added Pin To Net: NetName=X2 Pin=Y1-1
Added Net: Name=X2
Added Member To Class: ClassName=Arduino Nano Member=Component C35 0805-50V-0.1uF
Added Member To Class: ClassName=Arduino Nano Member=Component C49 0805-50V-0.1uF
Added Member To Class: ClassName=Arduino Nano Member=Component C50 0805-50V-0.1uF
Added Member To Class: ClassName=Arduino Nano Member=Component C51 0805-50V-0.1uF
Added Member To Class: ClassName=Arduino Nano Member=Component C52 0805-50V-0.1uF
Added Member To Class: ClassName=Arduino Nano Member=Component C53 0805-50V-0.1uF
Added Member To Class: ClassName=Arduino Nano Member=Component C54 0805-50V-0.1uF
Added Member To Class: ClassName=Arduino Nano Member=Component C55 0805-50V-22pF
Added Member To Class: ClassName=Arduino Nano Member=Component C56 0805-50V-22pF
Added Member To Class: ClassName=Arduino Nano Member=Component C57 0805-50V-22pF
Added Member To Class: ClassName=Arduino Nano Member=Component C58 0805-50V-22pF
Added Member To Class: ClassName=Arduino Nano Member=Component C59 0805-50V-22pF
Added Member To Class: ClassName=Arduino Nano Member=Component C60 0805-50V-22pF
Added Member To Class: ClassName=Arduino Nano Member=Component J7 Header 8
Added Member To Class: ClassName=Arduino Nano Member=Component LED5 LED-耳3(港蟯)
Added Member To Class: ClassName=Arduino Nano Member=Component P1 Header 4X2
Added Member To Class: ClassName=Arduino Nano Member=Component R1 0805-1k次㊣1ㄔ
Added Member To Class: ClassName=Arduino Nano Member=Component R50 0805-10k次㊣1ㄔ
Added Member To Class: ClassName=Arduino Nano Member=Component R51 0805-3.3k次㊣1ㄔ
Added Member To Class: ClassName=Arduino Nano Member=Component R52 0805-3.3k次㊣1ㄔ
Added Member To Class: ClassName=Arduino Nano Member=Component R66 0805-51k次㊣1ㄔ
Added Member To Class: ClassName=Arduino Nano Member=Component U11 STM32F103C8T6
Added Member To Class: ClassName=Arduino Nano Member=Component U13 BNO080
Added Member To Class: ClassName=Arduino Nano Member=Component Y1 32.768k
Added Member To Class: ClassName=Arduino Nano Member=Component Y2 25M
Added Member To Class: ClassName=Arduino Nano Member=Component Y3 32.768k
