Added Component: Designator=U3(XH2.54-3P)
Added Component: Designator=U4(XH2.54-3P)
Added Component: Designator=U5(XH2.54-3P)
Added Component: Designator=U6(XH2.54-3P)
Added Component: Designator=U7(XH2.54-3P)
Added Component: Designator=U8(XH2.54-3P)
Added Component: Designator=U9(XH2.54-3P)
Added Component: Designator=U10(XH2.54-3P)
Added Pin To Net: NetName=+3.3V Pin=U3-1
Added Pin To Net: NetName=GND Pin=U3-2
Added Pin To Net: NetName=SPEED_1 Pin=U3-3
Added Pin To Net: NetName=+3.3V Pin=U4-1
Added Pin To Net: NetName=GND Pin=U4-2
Added Pin To Net: NetName=SPEED_2 Pin=U4-3
Added Pin To Net: NetName=+3.3V Pin=U5-1
Added Pin To Net: NetName=GND Pin=U5-2
Added Pin To Net: NetName=SPEED_3 Pin=U5-3
Added Pin To Net: NetName=+3.3V Pin=U6-1
Added Pin To Net: NetName=GND Pin=U6-2
Added Pin To Net: NetName=SPEED_4 Pin=U6-3
Added Pin To Net: NetName=+3.3V Pin=U7-1
Added Pin To Net: NetName=GND Pin=U7-2
Added Pin To Net: NetName=SPEED_5 Pin=U7-3
Added Pin To Net: NetName=+3.3V Pin=U8-1
Added Pin To Net: NetName=GND Pin=U8-2
Added Pin To Net: NetName=SPEED_6 Pin=U8-3
Added Pin To Net: NetName=+3.3V Pin=U9-1
Added Pin To Net: NetName=GND Pin=U9-2
Added Pin To Net: NetName=SPEED_7 Pin=U9-3
Added Pin To Net: NetName=+3.3V Pin=U10-1
Added Pin To Net: NetName=GND Pin=U10-2
Added Pin To Net: NetName=SPEED_8 Pin=U10-3
Added Member To Class: ClassName=电原理图 Member=Component U3 A3144
Added Member To Class: ClassName=电原理图 Member=Component U4 A3144
Added Member To Class: ClassName=电原理图 Member=Component U5 A3144
Added Member To Class: ClassName=电原理图 Member=Component U6 A3144
Added Member To Class: ClassName=电原理图 Member=Component U7 A3144
Added Member To Class: ClassName=电原理图 Member=Component U8 A3144
Added Member To Class: ClassName=电原理图 Member=Component U9 A3144
Added Member To Class: ClassName=电原理图 Member=Component U10 A3144
