Removed Pin From Net: NetName=GND2 Pin=C36-2
Removed Pin From Net: NetName=GND2 Pin=C37-2
Removed Pin From Net: NetName=GND2 Pin=C38-2
Removed Pin From Net: NetName=GND2 Pin=C39-2
Removed Pin From Net: NetName=GND2 Pin=J3-2
Removed Pin From Net: NetName=GND2 Pin=R37-1
Removed Pin From Net: NetName=GND Pin=R37-2
Removed Pin From Net: NetName=GND2 Pin=R40-1
Removed Pin From Net: NetName=GND Pin=R40-2
Removed Pin From Net: NetName=GND2 Pin=R43-1
Removed Pin From Net: NetName=GND Pin=R43-2
Removed Pin From Net: NetName=GND2 Pin=R46-1
Removed Pin From Net: NetName=GND Pin=R46-2
Removed Member From Class: ClassName=BTS7960 Member=R37
Removed Member From Class: ClassName=BTS7960 Member=R40
Removed Member From Class: ClassName=BTS7960 Member=R43
Removed Member From Class: ClassName=BTS7960 Member=R46
Added Pin To Net: NetName=GND Pin=C36-2
Added Pin To Net: NetName=GND Pin=C37-2
Added Pin To Net: NetName=GND Pin=C38-2
Added Pin To Net: NetName=GND Pin=C39-2
Added Pin To Net: NetName=GND Pin=J3-2
Added Member To Class: ClassName=BTS7960 Member=Component U20 SN74AHC244DW
