Removed Pin From Net: NetName=+5V Pin=C25-1
Removed Pin From Net: NetName=+5V Pin=R22-2
Removed Pin From Net: NetName=+5V Pin=R24-2
Removed Pin From Net: NetName=+5V Pin=R26-2
Removed Pin From Net: NetName=+5V Pin=R28-2
Removed Pin From Net: NetName=+5V Pin=U11-8
Removed Pin From Net: NetName=+5V Pin=U12-8
Removed Pin From Net: NetName=+5V Pin=U21-4
Removed Pin From Net: NetName=+5V Pin=U21-8
Removed Pin From Net: NetName=+5V Pin=U21-13
Removed Pin From Net: NetName=+5V Pin=U21-17
Removed Pin From Net: NetName=+5V Pin=U21-20
Change Component Footprint: Designator=C26 Old Footprint=SMD-EC-F5 New Footprint=SMD-EC-F10
Change Component Footprint: Designator=C27 Old Footprint=SMD-EC-F5 New Footprint=SMD-EC-F10
Change Component Footprint: Designator=C28 Old Footprint=SMD-EC-F5 New Footprint=SMD-EC-F10
Change Component Footprint: Designator=C29 Old Footprint=SMD-EC-F5 New Footprint=SMD-EC-F10
Added Pin To Net: NetName=+3.3V Pin=C25-1
Added Pin To Net: NetName=+3.3V Pin=R22-2
Added Pin To Net: NetName=+3.3V Pin=R24-2
Added Pin To Net: NetName=+3.3V Pin=R26-2
Added Pin To Net: NetName=+3.3V Pin=R28-2
Added Pin To Net: NetName=+3.3V Pin=U11-8
Added Pin To Net: NetName=+3.3V Pin=U12-8
Added Pin To Net: NetName=+3.3V Pin=U21-4
Added Pin To Net: NetName=+3.3V Pin=U21-8
Added Pin To Net: NetName=+3.3V Pin=U21-13
Added Pin To Net: NetName=+3.3V Pin=U21-17
Added Pin To Net: NetName=+3.3V Pin=U21-20
