Added Component: Designator=C1(SMD-EC-F8)
Added Component: Designator=C2(CC0805)
Added Component: Designator=C3(CC0805)
Added Component: Designator=C4(SMD-EC-F5)
Added Component: Designator=C5(CC0805)
Added Component: Designator=C6(CC0805)
Added Component: Designator=C7(CC0805)
Added Component: Designator=C8(CC0805)
Added Component: Designator=C9(CC0805)
Added Component: Designator=C10(CC0805)
Added Component: Designator=C11(CC0805)
Added Component: Designator=C12(CC0805)
Added Component: Designator=C13(CC0805)
Added Component: Designator=C14(SMD-EC-F5)
Added Component: Designator=C15(CC0805)
Added Component: Designator=C16(SMD-EC-F5)
Added Component: Designator=C18(CC0805)
Added Component: Designator=C19(CC0805)
Added Component: Designator=C20(CC0805)
Added Component: Designator=C21(CC0805)
Added Component: Designator=C25(CC0805)
Added Component: Designator=C26(SMD-EC-F5)
Added Component: Designator=C27(SMD-EC-F5)
Added Component: Designator=C28(SMD-EC-F5)
Added Component: Designator=C29(SMD-EC-F5)
Added Component: Designator=J1(HDR2X3)
Added Component: Designator=J2(VH3.96-2P)
Added Component: Designator=J3(VH3.96-2P)
Added Component: Designator=J4(VH3.96-2P)
Added Component: Designator=J5(VH3.96-2P)
Added Component: Designator=J7(USB TypeA 平插)
Added Component: Designator=J8(HDR1X9)
Added Component: Designator=J9(VH3.96-5P)
Added Component: Designator=J10(HDR2X4)
Added Component: Designator=J20(HDR2X4H)
Added Component: Designator=J21(HDR1X2H)
Added Component: Designator=J22(HDR1X2H)
Added Component: Designator=J23(HDR1X2H)
Added Component: Designator=J24(HDR1X2H)
Added Component: Designator=J25(HDR1X2H)
Added Component: Designator=J31(HDR1X3)
Added Component: Designator=R1(0805)
Added Component: Designator=R4(0805)
Added Component: Designator=R5(AXIAL-0.4)
Added Component: Designator=R6(AXIAL-0.4)
Added Component: Designator=R7(AXIAL-0.4)
Added Component: Designator=R8(AXIAL-0.4)
Added Component: Designator=R9(AXIAL-0.4)
Added Component: Designator=R10(AXIAL-0.4)
Added Component: Designator=R11(AXIAL-0.4)
Added Component: Designator=R12(AXIAL-0.4)
Added Component: Designator=R13(0805)
Added Component: Designator=R14(0805)
Added Component: Designator=R15(0805)
Added Component: Designator=R16(0805)
Added Component: Designator=R18(0805)
Added Component: Designator=R19(0805)
Added Component: Designator=R20(0805)
Added Component: Designator=R21(0805)
Added Component: Designator=R21(0805)
Added Component: Designator=R22(0805)
Added Component: Designator=R23(0805)
Added Component: Designator=R24(0805)
Added Component: Designator=R25(0805)
Added Component: Designator=R26(0805)
Added Component: Designator=R27(0805)
Added Component: Designator=R28(0805)
Added Component: Designator=R30(0805)
Added Component: Designator=R31(0805)
Added Component: Designator=R32(0805)
Added Component: Designator=R33(0805)
Added Component: Designator=R35(0805)
Added Component: Designator=R36(0805)
Added Component: Designator=R37(0805)
Added Component: Designator=R38(0805)
Added Component: Designator=U1(SOT223)
Added Component: Designator=U2(SO-8)
Added Component: Designator=U11(SO-8)
Added Component: Designator=U12(SO-8)
Added Component: Designator=U13(SSOP20)
Added Component: Designator=U21(SOP-20)
Added Component: Designator=U22(BTN7970)
Added Component: Designator=U23(BTN7970)
Added Component: Designator=U24(BTN7970)
Added Component: Designator=U25(BTN7970)
Added Component: Designator=U31(Arduino Nano)
Added Pin To Net: NetName=+1.5V Pin=C4-1
Added Pin To Net: NetName=+1.5V Pin=C13-2
Added Pin To Net: NetName=+1.5V Pin=C15-2
Added Pin To Net: NetName=+1.5V Pin=U1-2
Added Pin To Net: NetName=+1.5V Pin=U2-7
Added Pin To Net: NetName=+1.5V Pin=U2-8
Added Net: Name=+1.5V
Added Pin To Net: NetName=+3.3V Pin=C1-1
Added Pin To Net: NetName=+3.3V Pin=C2-1
Added Pin To Net: NetName=+3.3V Pin=C3-2
Added Pin To Net: NetName=+3.3V Pin=J1-1
Added Pin To Net: NetName=+3.3V Pin=J10-1
Added Pin To Net: NetName=+3.3V Pin=J10-2
Added Pin To Net: NetName=+3.3V Pin=R1-1
Added Pin To Net: NetName=+3.3V Pin=R4-1
Added Pin To Net: NetName=+3.3V Pin=R5-1
Added Pin To Net: NetName=+3.3V Pin=R6-1
Added Pin To Net: NetName=+3.3V Pin=R7-1
Added Pin To Net: NetName=+3.3V Pin=R8-1
Added Pin To Net: NetName=+3.3V Pin=R9-1
Added Pin To Net: NetName=+3.3V Pin=R10-1
Added Pin To Net: NetName=+3.3V Pin=R11-1
Added Pin To Net: NetName=+3.3V Pin=R12-1
Added Pin To Net: NetName=+3.3V Pin=R13-1
Added Pin To Net: NetName=+3.3V Pin=R14-1
Added Pin To Net: NetName=+3.3V Pin=R15-1
Added Pin To Net: NetName=+3.3V Pin=R16-1
Added Pin To Net: NetName=+3.3V Pin=U1-3
Added Pin To Net: NetName=+3.3V Pin=U13-20
Added Pin To Net: NetName=+3.3V Pin=U31-2
Added Net: Name=+3.3V
Added Pin To Net: NetName=+5V Pin=J1-2
Added Pin To Net: NetName=+5V Pin=J1-4
Added Pin To Net: NetName=+5V Pin=J7-1
Added Pin To Net: NetName=+5V Pin=U11-8
Added Pin To Net: NetName=+5V Pin=U12-8
Added Pin To Net: NetName=+5V Pin=U31-15
Added Net: Name=+5V
Added Pin To Net: NetName=-1.5V Pin=C16-2
Added Pin To Net: NetName=-1.5V Pin=J2-2
Added Pin To Net: NetName=-1.5V Pin=J3-2
Added Pin To Net: NetName=-1.5V Pin=J4-2
Added Pin To Net: NetName=-1.5V Pin=J5-2
Added Pin To Net: NetName=-1.5V Pin=U2-5
Added Net: Name=-1.5V
Added Pin To Net: NetName=AS5600_1_SCL Pin=J10-8
Added Pin To Net: NetName=AS5600_1_SCL Pin=R4-2
Added Pin To Net: NetName=AS5600_1_SCL Pin=U13-6
Added Net: Name=AS5600_1_SCL
Added Pin To Net: NetName=AS5600_1_SDA Pin=J10-6
Added Pin To Net: NetName=AS5600_1_SDA Pin=R1-2
Added Pin To Net: NetName=AS5600_1_SDA Pin=U13-5
Added Net: Name=AS5600_1_SDA
Added Pin To Net: NetName=AS5600_2_SCL Pin=J10-7
Added Pin To Net: NetName=AS5600_2_SCL Pin=R14-2
Added Pin To Net: NetName=AS5600_2_SCL Pin=U13-9
Added Net: Name=AS5600_2_SCL
Added Pin To Net: NetName=AS5600_2_SDA Pin=J10-5
Added Pin To Net: NetName=AS5600_2_SDA Pin=R13-2
Added Pin To Net: NetName=AS5600_2_SDA Pin=U13-8
Added Net: Name=AS5600_2_SDA
Added Pin To Net: NetName=FORCE_1 Pin=U31-7
Added Net: Name=FORCE_1
Added Pin To Net: NetName=FORCE_2 Pin=U31-6
Added Net: Name=FORCE_2
Added Pin To Net: NetName=FORCE_3 Pin=U31-5
Added Net: Name=FORCE_3
Added Pin To Net: NetName=FORCE_4 Pin=U31-4
Added Net: Name=FORCE_4
Added Pin To Net: NetName=GND Pin=C1-2
Added Pin To Net: NetName=GND Pin=C2-2
Added Pin To Net: NetName=GND Pin=C3-1
Added Pin To Net: NetName=GND Pin=C4-2
Added Pin To Net: NetName=GND Pin=C5-2
Added Pin To Net: NetName=GND Pin=C6-2
Added Pin To Net: NetName=GND Pin=C7-2
Added Pin To Net: NetName=GND Pin=C8-2
Added Pin To Net: NetName=GND Pin=C9-2
Added Pin To Net: NetName=GND Pin=C10-2
Added Pin To Net: NetName=GND Pin=C11-2
Added Pin To Net: NetName=GND Pin=C12-2
Added Pin To Net: NetName=GND Pin=C13-1
Added Pin To Net: NetName=GND Pin=C15-1
Added Pin To Net: NetName=GND Pin=C16-1
Added Pin To Net: NetName=GND Pin=C25-2
Added Pin To Net: NetName=GND Pin=C26-2
Added Pin To Net: NetName=GND Pin=C27-2
Added Pin To Net: NetName=GND Pin=C28-2
Added Pin To Net: NetName=GND Pin=C29-2
Added Pin To Net: NetName=GND Pin=J1-3
Added Pin To Net: NetName=GND Pin=J1-5
Added Pin To Net: NetName=GND Pin=J1-6
Added Pin To Net: NetName=GND Pin=J7-4
Added Pin To Net: NetName=GND Pin=J8-9
Added Pin To Net: NetName=GND Pin=J9-5
Added Pin To Net: NetName=GND Pin=J10-3
Added Pin To Net: NetName=GND Pin=J10-4
Added Pin To Net: NetName=GND Pin=J20-2
Added Pin To Net: NetName=GND Pin=J20-4
Added Pin To Net: NetName=GND Pin=J21-2
Added Pin To Net: NetName=GND Pin=J22-2
Added Pin To Net: NetName=GND Pin=J23-2
Added Pin To Net: NetName=GND Pin=J24-2
Added Pin To Net: NetName=GND Pin=J25-2
Added Pin To Net: NetName=GND Pin=J31-3
Added Pin To Net: NetName=GND Pin=R21-1
Added Pin To Net: NetName=GND Pin=R22-1
Added Pin To Net: NetName=GND Pin=R23-1
Added Pin To Net: NetName=GND Pin=R24-1
Added Pin To Net: NetName=GND Pin=R25-1
Added Pin To Net: NetName=GND Pin=R26-1
Added Pin To Net: NetName=GND Pin=R27-1
Added Pin To Net: NetName=GND Pin=R28-1
Added Pin To Net: NetName=GND Pin=R30-1
Added Pin To Net: NetName=GND Pin=R31-1
Added Pin To Net: NetName=GND Pin=R32-1
Added Pin To Net: NetName=GND Pin=R33-1
Added Pin To Net: NetName=GND Pin=R35-1
Added Pin To Net: NetName=GND Pin=R36-1
Added Pin To Net: NetName=GND Pin=R37-1
Added Pin To Net: NetName=GND Pin=R38-1
Added Pin To Net: NetName=GND Pin=U1-1
Added Pin To Net: NetName=GND Pin=U2-1
Added Pin To Net: NetName=GND Pin=U2-3
Added Pin To Net: NetName=GND Pin=U2-6
Added Pin To Net: NetName=GND Pin=U11-3
Added Pin To Net: NetName=GND Pin=U11-4
Added Pin To Net: NetName=GND Pin=U11-5
Added Pin To Net: NetName=GND Pin=U12-3
Added Pin To Net: NetName=GND Pin=U12-4
Added Pin To Net: NetName=GND Pin=U12-5
Added Pin To Net: NetName=GND Pin=U13-1
Added Pin To Net: NetName=GND Pin=U13-2
Added Pin To Net: NetName=GND Pin=U13-3
Added Pin To Net: NetName=GND Pin=U13-10
Added Pin To Net: NetName=GND Pin=U21-1
Added Pin To Net: NetName=GND Pin=U21-10
Added Pin To Net: NetName=GND Pin=U21-19
Added Pin To Net: NetName=GND Pin=U22-1
Added Pin To Net: NetName=GND Pin=U23-1
Added Pin To Net: NetName=GND Pin=U24-1
Added Pin To Net: NetName=GND Pin=U25-1
Added Pin To Net: NetName=GND Pin=U31-14
Added Net: Name=GND
Added Pin To Net: NetName=IS1 Pin=R31-2
Added Pin To Net: NetName=IS1 Pin=U22-6
Added Net: Name=IS1
Added Pin To Net: NetName=IS2 Pin=R33-2
Added Pin To Net: NetName=IS2 Pin=U23-6
Added Net: Name=IS2
Added Pin To Net: NetName=IS3 Pin=R36-2
Added Pin To Net: NetName=IS3 Pin=U24-6
Added Net: Name=IS3
Added Pin To Net: NetName=IS4 Pin=R38-2
Added Pin To Net: NetName=IS4 Pin=U25-6
Added Net: Name=IS4
Added Pin To Net: NetName=NetC14_1 Pin=C14-1
Added Pin To Net: NetName=NetC14_1 Pin=U2-2
Added Net: Name=NetC14_1
Added Pin To Net: NetName=NetC14_2 Pin=C14-2
Added Pin To Net: NetName=NetC14_2 Pin=U2-4
Added Net: Name=NetC14_2
Added Pin To Net: NetName=NetC26_1 Pin=C26-1
Added Pin To Net: NetName=NetC26_1 Pin=C27-1
Added Pin To Net: NetName=NetC26_1 Pin=C28-1
Added Pin To Net: NetName=NetC26_1 Pin=C29-1
Added Pin To Net: NetName=NetC26_1 Pin=J21-1
Added Pin To Net: NetName=NetC26_1 Pin=U22-7
Added Pin To Net: NetName=NetC26_1 Pin=U23-7
Added Pin To Net: NetName=NetC26_1 Pin=U24-7
Added Pin To Net: NetName=NetC26_1 Pin=U25-7
Added Net: Name=NetC26_1
Added Pin To Net: NetName=NetJ22_1 Pin=J22-1
Added Pin To Net: NetName=NetJ22_1 Pin=U22-4
Added Pin To Net: NetName=NetJ22_1 Pin=U22-8
Added Net: Name=NetJ22_1
Added Pin To Net: NetName=NetJ23_1 Pin=J23-1
Added Pin To Net: NetName=NetJ23_1 Pin=U23-4
Added Pin To Net: NetName=NetJ23_1 Pin=U23-8
Added Net: Name=NetJ23_1
Added Pin To Net: NetName=NetJ24_1 Pin=J24-1
Added Pin To Net: NetName=NetJ24_1 Pin=U24-4
Added Pin To Net: NetName=NetJ24_1 Pin=U24-8
Added Net: Name=NetJ24_1
Added Pin To Net: NetName=NetJ25_1 Pin=J25-1
Added Pin To Net: NetName=NetJ25_1 Pin=U25-4
Added Pin To Net: NetName=NetJ25_1 Pin=U25-8
Added Net: Name=NetJ25_1
Added Pin To Net: NetName=NetR30_2 Pin=R30-2
Added Pin To Net: NetName=NetR30_2 Pin=U22-5
Added Net: Name=NetR30_2
Added Pin To Net: NetName=NetR32_2 Pin=R32-2
Added Pin To Net: NetName=NetR32_2 Pin=U23-5
Added Net: Name=NetR32_2
Added Pin To Net: NetName=NetR35_2 Pin=R35-2
Added Pin To Net: NetName=NetR35_2 Pin=U24-5
Added Net: Name=NetR35_2
Added Pin To Net: NetName=NetR37_2 Pin=R37-2
Added Pin To Net: NetName=NetR37_2 Pin=U25-5
Added Net: Name=NetR37_2
Added Pin To Net: NetName=NetU21_3 Pin=U21-3
Added Pin To Net: NetName=NetU21_3 Pin=U25-3
Added Net: Name=NetU21_3
Added Pin To Net: NetName=NetU21_5 Pin=U21-5
Added Pin To Net: NetName=NetU21_5 Pin=U25-2
Added Net: Name=NetU21_5
Added Pin To Net: NetName=NetU21_7 Pin=U21-7
Added Pin To Net: NetName=NetU21_7 Pin=U24-3
Added Net: Name=NetU21_7
Added Pin To Net: NetName=NetU21_9 Pin=U21-9
Added Pin To Net: NetName=NetU21_9 Pin=U24-2
Added Net: Name=NetU21_9
Added Pin To Net: NetName=NetU21_12 Pin=U21-12
Added Pin To Net: NetName=NetU21_12 Pin=U23-3
Added Net: Name=NetU21_12
Added Pin To Net: NetName=NetU21_14 Pin=U21-14
Added Pin To Net: NetName=NetU21_14 Pin=U23-2
Added Net: Name=NetU21_14
Added Pin To Net: NetName=NetU21_16 Pin=U21-16
Added Pin To Net: NetName=NetU21_16 Pin=U22-3
Added Net: Name=NetU21_16
Added Pin To Net: NetName=NetU21_18 Pin=U21-18
Added Pin To Net: NetName=NetU21_18 Pin=U22-2
Added Net: Name=NetU21_18
Added Pin To Net: NetName=NRST1 Pin=U31-18
Added Net: Name=NRST1
Added Pin To Net: NetName=NRST2 Pin=U31-13
Added Net: Name=NRST2
Added Pin To Net: NetName=R1_PWM Pin=J20-5
Added Pin To Net: NetName=R1_PWM Pin=R21-2
Added Pin To Net: NetName=R1_PWM Pin=U21-2
Added Pin To Net: NetName=R1_PWM Pin=U31-26
Added Net: Name=R1_PWM
Added Pin To Net: NetName=R2_PWM Pin=J20-6
Added Pin To Net: NetName=R2_PWM Pin=R23-2
Added Pin To Net: NetName=R2_PWM Pin=U21-6
Added Pin To Net: NetName=R2_PWM Pin=U31-27
Added Net: Name=R2_PWM
Added Pin To Net: NetName=R3_PWM Pin=J20-7
Added Pin To Net: NetName=R3_PWM Pin=R25-2
Added Pin To Net: NetName=R3_PWM Pin=U21-11
Added Pin To Net: NetName=R3_PWM Pin=U31-28
Added Net: Name=R3_PWM
Added Pin To Net: NetName=R4_PWM Pin=J20-8
Added Pin To Net: NetName=R4_PWM Pin=R27-2
Added Pin To Net: NetName=R4_PWM Pin=U21-15
Added Pin To Net: NetName=R4_PWM Pin=U31-29
Added Net: Name=R4_PWM
Added Pin To Net: NetName=RXD Pin=J31-1
Added Pin To Net: NetName=RXD Pin=U31-17
Added Net: Name=RXD
Added Pin To Net: NetName=SCL Pin=R16-2
Added Pin To Net: NetName=SCL Pin=U13-18
Added Pin To Net: NetName=SCL Pin=U31-9
Added Net: Name=SCL
Added Pin To Net: NetName=SDA Pin=R15-2
Added Pin To Net: NetName=SDA Pin=U13-19
Added Pin To Net: NetName=SDA Pin=U31-8
Added Net: Name=SDA
Added Pin To Net: NetName=SPEED_1 Pin=C5-1
Added Pin To Net: NetName=SPEED_1 Pin=J8-1
Added Pin To Net: NetName=SPEED_1 Pin=R5-2
Added Pin To Net: NetName=SPEED_1 Pin=U31-20
Added Net: Name=SPEED_1
Added Pin To Net: NetName=SPEED_2 Pin=C6-1
Added Pin To Net: NetName=SPEED_2 Pin=J8-2
Added Pin To Net: NetName=SPEED_2 Pin=R6-2
Added Pin To Net: NetName=SPEED_2 Pin=U31-21
Added Net: Name=SPEED_2
Added Pin To Net: NetName=SPEED_3 Pin=C7-1
Added Pin To Net: NetName=SPEED_3 Pin=J8-3
Added Pin To Net: NetName=SPEED_3 Pin=R7-2
Added Pin To Net: NetName=SPEED_3 Pin=U31-22
Added Net: Name=SPEED_3
Added Pin To Net: NetName=SPEED_4 Pin=C8-1
Added Pin To Net: NetName=SPEED_4 Pin=J8-4
Added Pin To Net: NetName=SPEED_4 Pin=R8-2
Added Pin To Net: NetName=SPEED_4 Pin=U31-23
Added Net: Name=SPEED_4
Added Pin To Net: NetName=SPEED_5 Pin=C9-1
Added Pin To Net: NetName=SPEED_5 Pin=J8-5
Added Pin To Net: NetName=SPEED_5 Pin=R9-2
Added Pin To Net: NetName=SPEED_5 Pin=U31-24
Added Net: Name=SPEED_5
Added Pin To Net: NetName=SPEED_6 Pin=C10-1
Added Pin To Net: NetName=SPEED_6 Pin=J8-6
Added Pin To Net: NetName=SPEED_6 Pin=R10-2
Added Pin To Net: NetName=SPEED_6 Pin=U31-25
Added Net: Name=SPEED_6
Added Pin To Net: NetName=SPEED_7 Pin=C11-1
Added Pin To Net: NetName=SPEED_7 Pin=J8-7
Added Pin To Net: NetName=SPEED_7 Pin=R11-2
Added Pin To Net: NetName=SPEED_7 Pin=U31-11
Added Net: Name=SPEED_7
Added Pin To Net: NetName=SPEED_8 Pin=C12-1
Added Pin To Net: NetName=SPEED_8 Pin=J8-8
Added Pin To Net: NetName=SPEED_8 Pin=R12-2
Added Pin To Net: NetName=SPEED_8 Pin=U31-10
Added Net: Name=SPEED_8
Added Pin To Net: NetName=TXD Pin=J31-2
Added Net: Name=TXD
Added Pin To Net: NetName=VCC Pin=C25-1
Added Pin To Net: NetName=VCC Pin=J20-1
Added Pin To Net: NetName=VCC Pin=J20-3
Added Pin To Net: NetName=VCC Pin=R22-2
Added Pin To Net: NetName=VCC Pin=R24-2
Added Pin To Net: NetName=VCC Pin=R26-2
Added Pin To Net: NetName=VCC Pin=R28-2
Added Pin To Net: NetName=VCC Pin=U21-4
Added Pin To Net: NetName=VCC Pin=U21-8
Added Pin To Net: NetName=VCC Pin=U21-13
Added Pin To Net: NetName=VCC Pin=U21-17
Added Pin To Net: NetName=VCC Pin=U21-20
Added Net: Name=VCC
Added Pin To Net: NetName=VRS-1 Pin=C18-1
Added Pin To Net: NetName=VRS-1 Pin=J2-1
Added Pin To Net: NetName=VRS-1 Pin=R18-1
Added Pin To Net: NetName=VRS-1 Pin=U11-2
Added Net: Name=VRS-1
Added Pin To Net: NetName=VRS-2 Pin=C20-2
Added Pin To Net: NetName=VRS-2 Pin=J3-1
Added Pin To Net: NetName=VRS-2 Pin=R20-2
Added Pin To Net: NetName=VRS-2 Pin=U11-6
Added Net: Name=VRS-2
Added Pin To Net: NetName=VRS-3 Pin=C19-1
Added Pin To Net: NetName=VRS-3 Pin=J4-1
Added Pin To Net: NetName=VRS-3 Pin=R19-1
Added Pin To Net: NetName=VRS-3 Pin=U12-2
Added Net: Name=VRS-3
Added Pin To Net: NetName=VRS-4 Pin=C21-2
Added Pin To Net: NetName=VRS-4 Pin=J5-1
Added Pin To Net: NetName=VRS-4 Pin=R21-2
Added Pin To Net: NetName=VRS-4 Pin=U12-6
Added Net: Name=VRS-4
Added Pin To Net: NetName=VRS-OUT1 Pin=C18-2
Added Pin To Net: NetName=VRS-OUT1 Pin=J9-1
Added Pin To Net: NetName=VRS-OUT1 Pin=R18-2
Added Pin To Net: NetName=VRS-OUT1 Pin=U11-1
Added Net: Name=VRS-OUT1
Added Pin To Net: NetName=VRS-OUT2 Pin=C20-1
Added Pin To Net: NetName=VRS-OUT2 Pin=J9-2
Added Pin To Net: NetName=VRS-OUT2 Pin=R20-1
Added Pin To Net: NetName=VRS-OUT2 Pin=U11-7
Added Net: Name=VRS-OUT2
Added Pin To Net: NetName=VRS-OUT3 Pin=C19-2
Added Pin To Net: NetName=VRS-OUT3 Pin=J9-3
Added Pin To Net: NetName=VRS-OUT3 Pin=R19-2
Added Pin To Net: NetName=VRS-OUT3 Pin=U12-1
Added Net: Name=VRS-OUT3
Added Pin To Net: NetName=VRS-OUT4 Pin=C21-1
Added Pin To Net: NetName=VRS-OUT4 Pin=J9-4
Added Pin To Net: NetName=VRS-OUT4 Pin=R21-1
Added Pin To Net: NetName=VRS-OUT4 Pin=U12-7
Added Net: Name=VRS-OUT4
Added Class: Name=Arduino Nano
Added Class: Name=BTS7960
Added Class: Name=电原理图
Added Room: Name=Arduino Nano
Added Room: Name=BTS7960
Added Room: Name=电原理图
