2024-01-18 13:03:56,949 [INFO] Activator:176 - 


2024-01-18 13:03:56,953 [INFO] Activator:177 - !SESSION log4j initialized
2024-01-18 13:03:57,388 [ERROR] LogOutputStream:75 - [STDERR_REDIRECT] [Fatal Error] :8:2: The content of elements must consist of well-formed character data or markup.
2024-01-18 13:03:57,389 [ERROR] LogOutputStream:75 - [STDERR_REDIRECT] 
2024-01-18 13:03:59,488 [ERROR] LogOutputStream:75 - [STDERR_REDIRECT] [Fatal Error] :8:2: The content of elements must consist of well-formed character data or markup.
2024-01-18 13:03:59,488 [ERROR] LogOutputStream:75 - [STDERR_REDIRECT] 
2024-01-18 13:04:01,719 [INFO] LogOutputStream:77 - [STDOUT_REDIRECT] 
2024-01-18 13:04:04,221 [INFO] ApplicationProperties:184 - Using Application install path: C:\ST\STM32CubeIDE_1.13.2\STM32CubeIDE\plugins\com.st.stm32cube.common.mx_6.9.2.202309101412
2024-01-18 13:04:04,241 [INFO] DbMcusXml:78 - Set database path to: C:\ST\STM32CubeIDE_1.13.2\STM32CubeIDE\plugins\com.st.stm32cube.common.mx_6.9.2.202309101412\\db\/mcu/
2024-01-18 13:04:04,242 [INFO] ApiDb:274 - Set plugin database path to: C:\ST\STM32CubeIDE_1.13.2\STM32CubeIDE\plugins\com.st.stm32cube.common.mx_6.9.2.202309101412\\db\/plugins/boardmanager/
2024-01-18 13:04:04,242 [WARN] ApiDb:259 - Overriding images path with different value:  => C:\ST\STM32CubeIDE_1.13.2\STM32CubeIDE\plugins\com.st.stm32cube.common.mx_6.9.2.202309101412\\db\/plugins/mcufinder/images/
2024-01-18 13:04:04,255 [INFO] ApiDb:250 - Set database path to: C:\Users\acsr\.stmcufinder\plugins\mcufinder//mcu/
2024-01-18 13:04:04,256 [INFO] DbMcusAds:125 - Set database path to: C:\Users\acsr\.stmcufinder\plugins\mcufinder//mcu/
2024-01-18 13:04:04,257 [INFO] CrossReferenceDbSqlite:203 - Set database path to: C:\Users\acsr\.stmcufinder\plugins\mcufinder//mcu/cs/
2024-01-18 13:04:04,338 [INFO] RulesReader:64 - Compatibility file has been processed (293 Rules)
2024-01-18 13:04:04,394 [INFO] DbMcusXml:78 - Set database path to: C:\ST\STM32CubeIDE_1.13.2\STM32CubeIDE\plugins\com.st.stm32cube.common.mx_6.9.2.202309101412\\db\/mcu/
2024-01-18 13:04:04,394 [INFO] ApiDb:274 - Set plugin database path to: C:\ST\STM32CubeIDE_1.13.2\STM32CubeIDE\plugins\com.st.stm32cube.common.mx_6.9.2.202309101412\\db\/plugins/boardmanager/
2024-01-18 13:04:04,394 [INFO] ApiDb:261 - Set plugin images path to: C:\ST\STM32CubeIDE_1.13.2\STM32CubeIDE\plugins\com.st.stm32cube.common.mx_6.9.2.202309101412\\db\/plugins/mcufinder/images/
2024-01-18 13:04:04,394 [WARN] DbFile:41 - Overriding database path with different value: C:\Users\acsr\.stmcufinder\plugins\mcufinder/ => C:\Users\acsr\.stmcufinder\plugins\mcufinder
2024-01-18 13:04:04,394 [INFO] ApiDb:250 - Set database path to: C:\Users\acsr\.stmcufinder\plugins\mcufinder//mcu/
2024-01-18 13:04:04,394 [WARN] DbFile:41 - Overriding database path with different value: C:\Users\acsr\.stmcufinder\plugins\mcufinder/ => C:\Users\acsr\.stmcufinder\plugins\mcufinder
2024-01-18 13:04:04,394 [INFO] DbMcusAds:125 - Set database path to: C:\Users\acsr\.stmcufinder\plugins\mcufinder//mcu/
2024-01-18 13:04:04,394 [WARN] DbFile:41 - Overriding database path with different value: C:\Users\acsr\.stmcufinder\plugins\mcufinder/ => C:\Users\acsr\.stmcufinder\plugins\mcufinder
2024-01-18 13:04:04,395 [WARN] DbFile:41 - Overriding database path with different value: C:\Users\acsr\.stmcufinder\plugins\mcufinder/ => C:\Users\acsr\.stmcufinder\plugins\mcufinder
2024-01-18 13:04:04,395 [INFO] CrossReferenceDbSqlite:203 - Set database path to: C:\Users\acsr\.stmcufinder\plugins\mcufinder//mcu/cs/
2024-01-18 13:04:04,446 [INFO] MainPanel:262 - HeapMemory: 268435456
2024-01-18 13:04:04,512 [INFO] DbMcusXml:78 - Set database path to: C:\ST\STM32CubeIDE_1.13.2\STM32CubeIDE\plugins\com.st.stm32cube.common.mx_6.9.2.202309101412\\db\/mcu/
2024-01-18 13:04:04,512 [INFO] ApiDb:274 - Set plugin database path to: C:\ST\STM32CubeIDE_1.13.2\STM32CubeIDE\plugins\com.st.stm32cube.common.mx_6.9.2.202309101412\\db\/plugins/boardmanager/
2024-01-18 13:04:04,512 [INFO] ApiDb:261 - Set plugin images path to: C:\ST\STM32CubeIDE_1.13.2\STM32CubeIDE\plugins\com.st.stm32cube.common.mx_6.9.2.202309101412\\db\/plugins/mcufinder/images/
2024-01-18 13:04:04,513 [WARN] DbFile:41 - Overriding database path with different value: C:\Users\acsr\.stmcufinder\plugins\mcufinder/ => C:\Users\acsr\.stmcufinder\plugins\mcufinder
2024-01-18 13:04:04,513 [INFO] ApiDb:250 - Set database path to: C:\Users\acsr\.stmcufinder\plugins\mcufinder//mcu/
2024-01-18 13:04:04,513 [WARN] DbFile:41 - Overriding database path with different value: C:\Users\acsr\.stmcufinder\plugins\mcufinder/ => C:\Users\acsr\.stmcufinder\plugins\mcufinder
2024-01-18 13:04:04,513 [INFO] DbMcusAds:125 - Set database path to: C:\Users\acsr\.stmcufinder\plugins\mcufinder//mcu/
2024-01-18 13:04:04,513 [WARN] DbFile:41 - Overriding database path with different value: C:\Users\acsr\.stmcufinder\plugins\mcufinder/ => C:\Users\acsr\.stmcufinder\plugins\mcufinder
2024-01-18 13:04:04,513 [WARN] DbFile:41 - Overriding database path with different value: C:\Users\acsr\.stmcufinder\plugins\mcufinder/ => C:\Users\acsr\.stmcufinder\plugins\mcufinder
2024-01-18 13:04:04,513 [INFO] CrossReferenceDbSqlite:203 - Set database path to: C:\Users\acsr\.stmcufinder\plugins\mcufinder//mcu/cs/
2024-01-18 13:04:04,527 [INFO] ApplicationProperties:184 - Using Application install path: C:\ST\STM32CubeIDE_1.13.2\STM32CubeIDE\plugins\com.st.stm32cube.common.mx_6.9.2.202309101412
2024-01-18 13:04:04,528 [INFO] PluginManage:196 - Search for loadable plugins [exclusion list=, ]
2024-01-18 13:04:04,529 [INFO] PluginManage:310 - Check plugin analytics
2024-01-18 13:04:04,652 [INFO] AnalyticsPlugin:253 - Accepted Software Licenses: STM32CubeMX.6.9.2
2024-01-18 13:04:04,652 [INFO] AnalyticsPlugin:255 - Accepted CMSIS Pack Licenses: 
2024-01-18 13:04:04,653 [INFO] AnalyticsPlugin:257 - Accepted Firmware Licenses: FW.F4.1.27.0,FW.H7.1.11.0
2024-01-18 13:04:04,654 [INFO] PluginManage:359 - Loaded plugin analytics (category:tool,tabindex:-1)
2024-01-18 13:04:04,655 [INFO] PluginManage:310 - Check plugin cadmodel
2024-01-18 13:04:04,665 [INFO] CADModel:105 - Init CAD model plugin
2024-01-18 13:04:04,665 [INFO] PluginManage:359 - Loaded plugin cadmodel (category:power,tabindex:5)
2024-01-18 13:04:04,665 [INFO] PluginManage:310 - Check plugin clock
2024-01-18 13:04:04,679 [INFO] PluginManage:359 - Loaded plugin clock (category:base,tabindex:2)
2024-01-18 13:04:04,679 [INFO] PluginManage:310 - Check plugin ddr
2024-01-18 13:04:04,681 [INFO] PluginManage:359 - Loaded plugin ddr (category:tool,tabindex:6)
2024-01-18 13:04:04,681 [INFO] PluginManage:310 - Check plugin filemanager
2024-01-18 13:04:04,769 [INFO] PluginManage:359 - Loaded plugin filemanager (category:base,tabindex:10)
2024-01-18 13:04:04,769 [INFO] PluginManage:310 - Check plugin ipmanager
2024-01-18 13:04:04,774 [INFO] PluginManage:359 - Loaded plugin ipmanager (category:base,tabindex:5)
2024-01-18 13:04:04,774 [INFO] PluginManage:310 - Check plugin lpbam
2024-01-18 13:04:04,785 [INFO] PluginManage:359 - Loaded plugin lpbam (category:base,tabindex:0)
2024-01-18 13:04:04,785 [INFO] PluginManage:310 - Check plugin memorymap
2024-01-18 13:04:04,800 [INFO] PluginManage:359 - Loaded plugin memorymap (category:base,tabindex:4)
2024-01-18 13:04:04,800 [INFO] PluginManage:310 - Check plugin pinoutandconfiguration
2024-01-18 13:04:04,811 [INFO] PluginManage:359 - Loaded plugin pinoutandconfiguration (category:base,tabindex:1)
2024-01-18 13:04:04,811 [INFO] PluginManage:310 - Check plugin pinoutconfig
2024-01-18 13:04:04,887 [WARN] SupportedApi:132 - Cannot load RTOS API schema: s4s-elt-must-match.1: The content of 'definitions' must match (annotation?, (simpleType | complexType)?, (unique | key | keyref)*)). A problem was found starting at: attribute.
2024-01-18 13:04:05,010 [INFO] PluginManage:359 - Loaded plugin pinoutconfig (category:base,tabindex:0)
2024-01-18 13:04:05,010 [INFO] PluginManage:310 - Check plugin power
2024-01-18 13:04:05,028 [INFO] PluginManage:359 - Loaded plugin power (category:power,tabindex:4)
2024-01-18 13:04:05,028 [INFO] PluginManage:310 - Check plugin projectmanager
2024-01-18 13:04:05,039 [INFO] PluginManage:359 - Loaded plugin projectmanager (category:projectmanager,tabindex:3)
2024-01-18 13:04:05,040 [INFO] PluginManage:310 - Check plugin thirdparty
2024-01-18 13:04:05,231 [INFO] PluginManage:359 - Loaded plugin thirdparty (category:base,tabindex:-1)
2024-01-18 13:04:05,231 [INFO] PluginManage:310 - Check plugin tools
2024-01-18 13:04:05,231 [WARN] IntegrityCheckThread:84 - waiting for thirdparty lock release [integrity check]
2024-01-18 13:04:05,232 [INFO] IntegrityCheckThread:86 - entering critical section [integrity check]
2024-01-18 13:04:05,232 [INFO] ThirdPartyUpdaterWithRetryManager:70 - Updater plugin not ready yet. [1/15]
2024-01-18 13:04:05,257 [INFO] PluginManage:359 - Loaded plugin tools (category:base,tabindex:7)
2024-01-18 13:04:05,257 [INFO] PluginManage:310 - Check plugin tutovideos
2024-01-18 13:04:05,407 [INFO] PluginManage:359 - Loaded plugin tutovideos (category:base,tabindex:-1)
2024-01-18 13:04:05,407 [INFO] PluginManage:310 - Check plugin updater
2024-01-18 13:04:05,416 [INFO] PluginManage:359 - Loaded plugin updater (category:base,tabindex:12)
2024-01-18 13:04:05,416 [INFO] PluginManage:310 - Check plugin userauth
2024-01-18 13:04:05,420 [INFO] UserAuth:113 - Init User Auth plugin
2024-01-18 13:04:05,420 [INFO] PluginManage:359 - Loaded plugin userauth (category:base,tabindex:14)
2024-01-18 13:04:05,420 [INFO] PluginManage:283 - PluginManage : Loaded plugins [17]
2024-01-18 13:04:05,576 [INFO] PinOutPanel:1499 - setPackage(No Configuration,No Configuration)
2024-01-18 13:04:05,651 [INFO] CADModel:165 - CPN selected for project level
2024-01-18 13:04:05,651 [INFO] CADModel:114 - Register for checkConnection events
2024-01-18 13:04:05,668 [INFO] IPUIPlugin:80 - create IPUIPlugin
2024-01-18 13:04:05,668 [INFO] PluginManager:220 - loadIPPluginJar : add adc
2024-01-18 13:04:05,690 [INFO] IPUIPlugin:80 - create IPUIPlugin
2024-01-18 13:04:05,690 [INFO] PluginManager:220 - loadIPPluginJar : add aes
2024-01-18 13:04:05,716 [INFO] IPUIPlugin:80 - create IPUIPlugin
2024-01-18 13:04:05,716 [INFO] PluginManager:220 - loadIPPluginJar : add can
2024-01-18 13:04:05,730 [INFO] IPUIPlugin:80 - create IPUIPlugin
2024-01-18 13:04:05,730 [INFO] PluginManager:220 - loadIPPluginJar : add comp
2024-01-18 13:04:05,751 [INFO] IPUIPlugin:80 - create IPUIPlugin
2024-01-18 13:04:05,751 [INFO] PluginManager:220 - loadIPPluginJar : add cryp
2024-01-18 13:04:05,770 [INFO] IPUIPlugin:80 - create IPUIPlugin
2024-01-18 13:04:05,770 [INFO] PluginManager:220 - loadIPPluginJar : add dfsdm
2024-01-18 13:04:05,779 [INFO] IPUIPlugin:80 - create IPUIPlugin
2024-01-18 13:04:05,780 [INFO] PluginManager:220 - loadIPPluginJar : add dma
2024-01-18 13:04:05,806 [INFO] IPUIPlugin:80 - create IPUIPlugin
2024-01-18 13:04:05,806 [INFO] PluginManager:220 - loadIPPluginJar : add dma3
2024-01-18 13:04:05,818 [INFO] IPUIPlugin:80 - create IPUIPlugin
2024-01-18 13:04:05,819 [INFO] PluginManager:220 - loadIPPluginJar : add fatfs
2024-01-18 13:04:05,849 [INFO] IPUIPlugin:80 - create IPUIPlugin
2024-01-18 13:04:05,849 [INFO] PluginManager:220 - loadIPPluginJar : add fmc
2024-01-18 13:04:05,858 [INFO] IPUIPlugin:80 - create IPUIPlugin
2024-01-18 13:04:05,859 [INFO] PluginManager:220 - loadIPPluginJar : add freertos
2024-01-18 13:04:05,872 [INFO] IPUIPlugin:80 - create IPUIPlugin
2024-01-18 13:04:05,872 [INFO] PluginManager:220 - loadIPPluginJar : add genericplugin
2024-01-18 13:04:05,928 [INFO] IPUIPlugin:80 - create IPUIPlugin
2024-01-18 13:04:05,928 [INFO] PluginManager:220 - loadIPPluginJar : add gfxmmu
2024-01-18 13:04:06,009 [INFO] IPUIPlugin:80 - create IPUIPlugin
2024-01-18 13:04:06,009 [INFO] PluginManager:220 - loadIPPluginJar : add gic
2024-01-18 13:04:06,017 [INFO] IPUIPlugin:80 - create IPUIPlugin
2024-01-18 13:04:06,018 [INFO] PluginManager:220 - loadIPPluginJar : add gpio
2024-01-18 13:04:06,080 [INFO] IPUIPlugin:80 - create IPUIPlugin
2024-01-18 13:04:06,080 [INFO] PluginManager:220 - loadIPPluginJar : add gtzc
2024-01-18 13:04:06,101 [INFO] IPUIPlugin:80 - create IPUIPlugin
2024-01-18 13:04:06,101 [INFO] PluginManager:220 - loadIPPluginJar : add hash
2024-01-18 13:04:06,136 [INFO] IPUIPlugin:80 - create IPUIPlugin
2024-01-18 13:04:06,136 [INFO] PluginManager:220 - loadIPPluginJar : add i2c
2024-01-18 13:04:06,161 [INFO] IPUIPlugin:80 - create IPUIPlugin
2024-01-18 13:04:06,161 [INFO] PluginManager:220 - loadIPPluginJar : add i2s
2024-01-18 13:04:06,187 [INFO] IPUIPlugin:80 - create IPUIPlugin
2024-01-18 13:04:06,188 [INFO] PluginManager:220 - loadIPPluginJar : add i3c
2024-01-18 13:04:06,260 [INFO] IPUIPlugin:80 - create IPUIPlugin
2024-01-18 13:04:06,261 [INFO] PluginManager:220 - loadIPPluginJar : add ipddr
2024-01-18 13:04:06,320 [INFO] IPUIPlugin:80 - create IPUIPlugin
2024-01-18 13:04:06,320 [INFO] PluginManager:220 - loadIPPluginJar : add linkedlist
2024-01-18 13:04:06,343 [INFO] IPUIPlugin:80 - create IPUIPlugin
2024-01-18 13:04:06,343 [INFO] PluginManager:220 - loadIPPluginJar : add lorawan
2024-01-18 13:04:06,366 [INFO] IPUIPlugin:80 - create IPUIPlugin
2024-01-18 13:04:06,367 [INFO] PluginManager:220 - loadIPPluginJar : add ltdc
2024-01-18 13:04:06,376 [INFO] IPUIPlugin:80 - create IPUIPlugin
2024-01-18 13:04:06,376 [INFO] PluginManager:220 - loadIPPluginJar : add mdma
2024-01-18 13:04:06,384 [INFO] IPUIPlugin:80 - create IPUIPlugin
2024-01-18 13:04:06,384 [INFO] PluginManager:220 - loadIPPluginJar : add nvic
2024-01-18 13:04:06,407 [INFO] IPUIPlugin:80 - create IPUIPlugin
2024-01-18 13:04:06,407 [INFO] PluginManager:220 - loadIPPluginJar : add opamp
2024-01-18 13:04:06,443 [INFO] IPUIPlugin:80 - create IPUIPlugin
2024-01-18 13:04:06,443 [INFO] PluginManager:220 - loadIPPluginJar : add openamp
2024-01-18 13:04:06,469 [INFO] IPUIPlugin:80 - create IPUIPlugin
2024-01-18 13:04:06,469 [INFO] PluginManager:220 - loadIPPluginJar : add pdm2pcm
2024-01-18 13:04:06,478 [INFO] IPUIPlugin:80 - create IPUIPlugin
2024-01-18 13:04:06,480 [INFO] PluginManager:220 - loadIPPluginJar : add plateformsettings
2024-01-18 13:04:06,493 [INFO] IPUIPlugin:80 - create IPUIPlugin
2024-01-18 13:04:06,493 [INFO] PluginManager:220 - loadIPPluginJar : add quadspi
2024-01-18 13:04:06,501 [INFO] IPUIPlugin:80 - create IPUIPlugin
2024-01-18 13:04:06,501 [INFO] PluginManager:220 - loadIPPluginJar : add resmgrutility
2024-01-18 13:04:06,531 [INFO] IPUIPlugin:80 - create IPUIPlugin
2024-01-18 13:04:06,531 [INFO] PluginManager:220 - loadIPPluginJar : add sai
2024-01-18 13:04:06,554 [INFO] IPUIPlugin:80 - create IPUIPlugin
2024-01-18 13:04:06,554 [INFO] PluginManager:220 - loadIPPluginJar : add spi
2024-01-18 13:04:06,589 [INFO] IPUIPlugin:80 - create IPUIPlugin
2024-01-18 13:04:06,589 [INFO] PluginManager:220 - loadIPPluginJar : add stm32_wpan
2024-01-18 13:04:06,604 [INFO] IPUIPlugin:80 - create IPUIPlugin
2024-01-18 13:04:06,604 [INFO] PluginManager:220 - loadIPPluginJar : add tim
2024-01-18 13:04:06,642 [INFO] IPUIPlugin:80 - create IPUIPlugin
2024-01-18 13:04:06,642 [INFO] PluginManager:220 - loadIPPluginJar : add touchsensing
2024-01-18 13:04:06,657 [INFO] IPUIPlugin:80 - create IPUIPlugin
2024-01-18 13:04:06,657 [INFO] PluginManager:220 - loadIPPluginJar : add tracer_emb
2024-01-18 13:04:06,670 [INFO] IPUIPlugin:80 - create IPUIPlugin
2024-01-18 13:04:06,671 [INFO] PluginManager:220 - loadIPPluginJar : add ts
2024-01-18 13:04:06,683 [INFO] IPUIPlugin:80 - create IPUIPlugin
2024-01-18 13:04:06,683 [INFO] PluginManager:220 - loadIPPluginJar : add tsc
2024-01-18 13:04:06,697 [INFO] IPUIPlugin:80 - create IPUIPlugin
2024-01-18 13:04:06,697 [INFO] PluginManager:220 - loadIPPluginJar : add ucpd
2024-01-18 13:04:06,724 [INFO] IPUIPlugin:80 - create IPUIPlugin
2024-01-18 13:04:06,724 [INFO] PluginManager:220 - loadIPPluginJar : add usart
2024-01-18 13:04:06,750 [INFO] IPUIPlugin:80 - create IPUIPlugin
2024-01-18 13:04:06,751 [INFO] PluginManager:220 - loadIPPluginJar : add usbx
2024-01-18 13:04:06,856 [INFO] CADModel:165 - CPN selected for project level
2024-01-18 13:04:06,856 [INFO] CADModel:114 - Register for checkConnection events
2024-01-18 13:04:06,856 [FATAL] Updater:308 - Updater called before beeing initialized
2024-01-18 13:04:06,856 [ERROR] CADModel:125 - Updater not yet initialized, retry later 
2024-01-18 13:04:06,953 [INFO] CADModel:165 - CPN selected for project level
2024-01-18 13:04:06,953 [INFO] CADModel:114 - Register for checkConnection events
2024-01-18 13:04:06,953 [FATAL] Updater:308 - Updater called before beeing initialized
2024-01-18 13:04:06,953 [ERROR] CADModel:125 - Updater not yet initialized, retry later 
2024-01-18 13:04:06,955 [FATAL] Updater:308 - Updater called before beeing initialized
2024-01-18 13:04:07,041 [FATAL] Updater:308 - Updater called before beeing initialized
2024-01-18 13:04:07,049 [INFO] DbMcusAds:53 - JSON generation date=Tue Mar 07 03:50:55 EST 2023 (1678179055335)
2024-01-18 13:04:07,049 [FATAL] Updater:308 - Updater called before beeing initialized
2024-01-18 13:04:07,106 [WARN] DetailPanel:346 - Failed to get advertising image, set to default
2024-01-18 13:04:07,183 [FATAL] Updater:308 - Updater called before beeing initialized
2024-01-18 13:04:07,184 [FATAL] Updater:308 - Updater called before beeing initialized
2024-01-18 13:04:07,184 [FATAL] Updater:308 - Updater called before beeing initialized
2024-01-18 13:04:07,184 [WARN] DetailPanel:346 - Failed to get advertising image, set to default
2024-01-18 13:04:07,185 [FATAL] Updater:308 - Updater called before beeing initialized
2024-01-18 13:04:07,231 [ERROR] Updater:1120 - MainUpdater not yet initialized. External WinMGr cannot be set.
2024-01-18 13:04:07,239 [INFO] Updater:1056 - Updater Version found : 6.9.2
2024-01-18 13:04:07,252 [INFO] ApplicationProperties:184 - Using Application install path: C:\ST\STM32CubeIDE_1.13.2\STM32CubeIDE\plugins\com.st.stm32cube.common.mx_6.9.2.202309101412
2024-01-18 13:04:07,429 [INFO] MainUpdater:2868 - connection check result : 10
2024-01-18 13:04:07,430 [INFO] MainUpdater:3562 - Updater definition file requires update
2024-01-18 13:04:07,430 [INFO] MainUpdater:285 - Updater Check For Update Now.
2024-01-18 13:04:07,431 [INFO] MicroXplorer:498 - Change Database Version : DB.6.0.92
2024-01-18 13:04:07,443 [INFO] McuFinderGlobals:63 - Set McuFinder mode to 2 (CubeIDE integrated)
2024-01-18 13:04:07,485 [INFO] ServerAccessManage:473 - Download File updaters.zip
2024-01-18 13:04:07,530 [INFO] FileExtend:240 - Unzip File : updaters.zip
2024-01-18 13:04:07,530 [INFO] FileExtend:255 - Standard Zip Deflate
2024-01-18 13:04:07,765 [INFO] ServerAccessManage:473 - Download File PacksControlFlags.xml
2024-01-18 13:04:07,819 [INFO] ServerAccessManage:473 - Download File cubemx.pidx
2024-01-18 13:04:08,232 [WARN] MainUpdater:1189 - Updater busy. Cannot search thirdparties
2024-01-18 13:04:08,232 [INFO] ThirdPartyUpdaterWithRetryManager:96 - Updater plugin is busy. [1/15]
2024-01-18 13:04:08,269 [INFO] ServerAccessManage:473 - Download File STMicroelectronics.X-CUBE-ISPU.pdsc
2024-01-18 13:04:08,541 [INFO] ServerAccessManage:473 - Download File STMicroelectronics.X-CUBE-TOUCHGFX.pdsc
2024-01-18 13:04:08,946 [INFO] ServerAccessManage:473 - Download File STMicroelectronics.X-CUBE-AZRTOS-H7.pdsc
2024-01-18 13:04:09,372 [ERROR] ServerAccessManage:1096 - Problem, Http access forbiden
2024-01-18 13:04:09,373 [ERROR] ServerAccessManage:651 - Problem, Http access forbiden : RoweBots.I-CUBE-UNISONRTOS.pdsc.
2024-01-18 13:04:09,509 [WARN] PackLoader:240 - Cannot read IP mode file for STMicroelectronics.X-CUBE-ISPU.2.0.0
2024-01-18 13:04:09,514 [WARN] PackLoader:240 - Cannot read IP mode file for STMicroelectronics.X-CUBE-TOUCHGFX.4.23.0
2024-01-18 13:04:09,538 [WARN] PackLoader:240 - Cannot read IP mode file for STMicroelectronics.X-CUBE-AZRTOS-H7.3.2.0
2024-01-18 13:04:09,542 [INFO] PopulateThirdPartyThread:66 - Ending populate Thread
2024-01-18 13:04:09,543 [INFO] ThirdParty:1030 - CMSIS Pack Vendor :STMicroelectronics X-CUBE-TOUCHGFX 4.23.0
2024-01-18 13:04:09,543 [INFO] ThirdParty:1030 - CMSIS Pack Vendor :STMicroelectronics X-CUBE-AZRTOS-H7 3.2.0
2024-01-18 13:04:09,543 [INFO] ThirdParty:1030 - CMSIS Pack Vendor :STMicroelectronics X-CUBE-ISPU 2.0.0
2024-01-18 13:04:09,543 [INFO] LoadServerUpdatesThread:373 - End of LoadServerUpdate Thread
2024-01-18 13:04:09,622 [INFO] CheckServerUpdateThread:120 - End of CheckServer Thread
2024-01-18 13:04:11,352 [WARN] PackLoader:240 - Cannot read IP mode file for STMicroelectronics.X-CUBE-SMBUS.2.1.0
2024-01-18 13:04:11,354 [WARN] PackLoader:240 - Cannot read IP mode file for STMicroelectronics.X-CUBE-TOUCHGFX.4.23.0
2024-01-18 13:04:11,378 [WARN] PackLoader:240 - Cannot read IP mode file for STMicroelectronics.X-CUBE-AZRTOS-F7.1.1.0
2024-01-18 13:04:11,391 [WARN] PackLoader:240 - Cannot read IP mode file for STMicroelectronics.FP-SNS-MOTENV1.4.3.2
2024-01-18 13:04:11,396 [WARN] PackLoader:240 - Cannot read IP mode file for STMicroelectronics.FP-SNS-FLIGHT1.5.0.2
2024-01-18 13:04:11,407 [WARN] PackLoader:240 - Cannot read IP mode file for STMicroelectronics.X-CUBE-DISPLAY.3.0.0
2024-01-18 13:04:11,419 [WARN] PackLoader:240 - Cannot read IP mode file for STMicroelectronics.X-CUBE-BLE1.7.0.0
2024-01-18 13:04:11,428 [WARN] PackLoader:240 - Cannot read IP mode file for emotas.I-CUBE-CANOPEN.1.3.0
2024-01-18 13:04:11,436 [WARN] PackLoader:240 - Cannot read IP mode file for STMicroelectronics.X-CUBE-TOUCHGFX.4.22.0
2024-01-18 13:04:11,443 [WARN] PackLoader:240 - Cannot read IP mode file for STMicroelectronics.X-CUBE-TOUCHGFX.4.22.1
2024-01-18 13:04:11,451 [WARN] PackLoader:240 - Cannot read IP mode file for STMicroelectronics.FP-SNS-SMARTAG2.1.2.0
2024-01-18 13:04:11,464 [INFO] LogOutputStream:77 - [STDOUT_REDIRECT] 1 : Invalid condition id : UX_CORESTACK_Condition cause : null
2024-01-18 13:04:11,465 [INFO] LogOutputStream:77 - [STDOUT_REDIRECT] 1 : Invalid condition id : UX_CORESTACK_Condition cause : null
2024-01-18 13:04:11,465 [INFO] LogOutputStream:77 - [STDOUT_REDIRECT] 1 : Invalid condition id : UX_CORESTACK_Condition cause : null
2024-01-18 13:04:11,466 [INFO] LogOutputStream:77 - [STDOUT_REDIRECT] 1 : Invalid condition id : UX_CORESTACK_Condition cause : null
2024-01-18 13:04:11,467 [INFO] LogOutputStream:77 - [STDOUT_REDIRECT] 1 : Invalid condition id : UX_CORESTACK_Condition cause : null
2024-01-18 13:04:11,470 [WARN] PackLoader:240 - Cannot read IP mode file for STMicroelectronics.X-CUBE-AZRTOS-WL.2.0.0
2024-01-18 13:04:11,481 [WARN] PackLoader:240 - Cannot read IP mode file for WES.I-CUBE-Cesium.1.3.0
2024-01-18 13:04:11,490 [WARN] PackLoader:240 - Cannot read IP mode file for STMicroelectronics.X-CUBE-BLE2.3.3.0
2024-01-18 13:04:11,499 [WARN] PackLoader:240 - Cannot read IP mode file for STMicroelectronics.X-CUBE-ALGOBUILD.1.3.0
2024-01-18 13:04:11,520 [WARN] PackLoader:240 - Cannot read IP mode file for STMicroelectronics.X-CUBE-AZRTOS-G0.1.1.0
2024-01-18 13:04:11,531 [WARN] PackLoader:240 - Cannot read IP mode file for STMicroelectronics.X-CUBE-NFC4.3.0.0
2024-01-18 13:04:11,543 [WARN] PackLoader:240 - Cannot read IP mode file for STMicroelectronics.X-CUBE-BLEMGR.3.0.0
2024-01-18 13:04:11,548 [WARN] PackLoader:240 - Cannot read IP mode file for STMicroelectronics.FP-ATR-SIGFOX1.3.2.0
2024-01-18 13:04:11,577 [WARN] PackLoader:240 - Cannot read IP mode file for SEGGER.I-CUBE-embOS.1.3.1
2024-01-18 13:04:11,611 [WARN] PackLoader:240 - Cannot read IP mode file for STMicroelectronics.X-CUBE-GNSS1.6.0.0
2024-01-18 13:04:11,632 [WARN] PackLoader:240 - Cannot read IP mode file for STMicroelectronics.X-CUBE-AZRTOS-F4.1.1.0
2024-01-18 13:04:11,643 [WARN] PackLoader:240 - Cannot read IP mode file for wolfSSL.I-CUBE-wolfSSL.5.6.3
2024-01-18 13:04:11,663 [WARN] PackLoader:240 - Cannot read IP mode file for STMicroelectronics.X-CUBE-AZRTOS-L5.2.0.0
2024-01-18 13:04:11,700 [WARN] PackLoader:240 - Cannot read IP mode file for STMicroelectronics.X-CUBE-MEMS1.9.6.0
2024-01-18 13:04:11,803 [WARN] PackLoader:240 - Cannot read IP mode file for STMicroelectronics.X-CUBE-EEPRMA1.4.2.0
2024-01-18 13:04:11,812 [WARN] PackLoader:240 - Cannot read IP mode file for ITTIA_DB.I-CUBE-ITTIADB.8.8.0
2024-01-18 13:04:11,822 [WARN] PackLoader:240 - Cannot read IP mode file for STMicroelectronics.X-CUBE-BLEMGR.2.0.0
2024-01-18 13:04:11,848 [WARN] ConditionMgr:438 - getConditionDescription Invalid condition id : UX DEVICE CLASS RTOS Condition cause : null
2024-01-18 13:04:11,848 [WARN] ConditionMgr:438 - getConditionDescription Invalid condition id : UX DEVICE CLASS RTOS Condition cause : null
2024-01-18 13:04:11,850 [WARN] PackLoader:240 - Cannot read IP mode file for STMicroelectronics.X-CUBE-AZRTOS-H7.3.1.0
2024-01-18 13:04:11,851 [WARN] ConditionMgr:1039 - genDependencies : Invalid condition id : UX DEVICE CLASS RTOS Condition cause : null
2024-01-18 13:04:11,851 [WARN] ConditionMgr:1039 - genDependencies : Invalid condition id : UX DEVICE CLASS RTOS Condition cause : null
2024-01-18 13:04:11,851 [WARN] ConditionMgr:1039 - genDependencies : Invalid condition id : UX DEVICE CLASS RTOS Condition cause : null
2024-01-18 13:04:11,851 [WARN] ConditionMgr:1039 - genDependencies : Invalid condition id : UX DEVICE CLASS RTOS Condition cause : null
2024-01-18 13:04:11,851 [WARN] ConditionMgr:1039 - genDependencies : Invalid condition id : UX DEVICE CLASS RTOS Condition cause : null
2024-01-18 13:04:11,861 [WARN] PackLoader:240 - Cannot read IP mode file for STMicroelectronics.X-CUBE-NFC7.1.0.1
2024-01-18 13:04:11,871 [WARN] PackLoader:240 - Cannot read IP mode file for STMicroelectronics.X-CUBE-NFC6.3.0.0
2024-01-18 13:04:11,882 [WARN] PackLoader:240 - Cannot read IP mode file for STMicroelectronics.X-CUBE-EEPRMA1.4.1.0
2024-01-18 13:04:11,891 [WARN] PackLoader:240 - Cannot read IP mode file for STMicroelectronics.X-CUBE-AI.8.1.0
2024-01-18 13:04:11,910 [WARN] ConditionMgr:438 - getConditionDescription Invalid condition id : LAN8742 Phy interface Condition cause : null
2024-01-18 13:04:11,911 [WARN] PackLoader:240 - Cannot read IP mode file for STMicroelectronics.X-CUBE-AZRTOS-L4.2.0.0
2024-01-18 13:04:11,911 [WARN] ConditionMgr:1039 - genDependencies : Invalid condition id : LAN8742 Phy interface Condition cause : null
2024-01-18 13:04:11,912 [WARN] ConditionMgr:1039 - genDependencies : Invalid condition id : LAN8742 Phy interface Condition cause : null
2024-01-18 13:04:11,912 [WARN] ConditionMgr:1039 - genDependencies : Invalid condition id : LAN8742 Phy interface Condition cause : null
2024-01-18 13:04:11,922 [WARN] PackLoader:240 - Cannot read IP mode file for STMicroelectronics.X-CUBE-SFXS2LP1.4.0.0
2024-01-18 13:04:11,930 [WARN] PackLoader:240 - Cannot read IP mode file for STMicroelectronics.X-CUBE-ISPU.1.1.0
2024-01-18 13:04:11,946 [WARN] ConditionMgr:438 - getConditionDescription Invalid condition id : UX DEVICE CLASS RTOS Condition cause : null
2024-01-18 13:04:11,946 [WARN] ConditionMgr:438 - getConditionDescription Invalid condition id : UX DEVICE CLASS RTOS Condition cause : null
2024-01-18 13:04:11,947 [WARN] PackLoader:240 - Cannot read IP mode file for STMicroelectronics.X-CUBE-AZRTOS-WB.2.0.0
2024-01-18 13:04:11,948 [WARN] ConditionMgr:1039 - genDependencies : Invalid condition id : UX DEVICE CLASS RTOS Condition cause : null
2024-01-18 13:04:11,948 [WARN] ConditionMgr:1039 - genDependencies : Invalid condition id : UX DEVICE CLASS RTOS Condition cause : null
2024-01-18 13:04:11,948 [WARN] ConditionMgr:1039 - genDependencies : Invalid condition id : UX DEVICE CLASS RTOS Condition cause : null
2024-01-18 13:04:11,948 [WARN] ConditionMgr:1039 - genDependencies : Invalid condition id : UX DEVICE CLASS RTOS Condition cause : null
2024-01-18 13:04:11,948 [WARN] ConditionMgr:1039 - genDependencies : Invalid condition id : UX DEVICE CLASS RTOS Condition cause : null
2024-01-18 13:04:11,961 [WARN] PackLoader:240 - Cannot read IP mode file for STMicroelectronics.X-CUBE-SUBG2.5.0.0
2024-01-18 13:04:11,974 [WARN] PackLoader:240 - Cannot read IP mode file for STMicroelectronics.X-CUBE-TOF1.3.3.1
2024-01-18 13:04:11,995 [WARN] PackLoader:240 - Cannot read IP mode file for STMicroelectronics.X-CUBE-AZRTOS-G4.2.0.0
2024-01-18 13:04:12,010 [WARN] PackLoader:240 - Cannot read IP mode file for Infineon.AIROC-Wi-Fi-Bluetooth-STM32.1.5.1
2024-01-18 13:04:12,020 [WARN] PackLoader:240 - Cannot read IP mode file for STMicroelectronics.FP-SNS-MOTENVWB1.1.3.0
2024-01-18 13:04:12,023 [WARN] PackLoader:240 - Cannot read IP mode file for STMicroelectronics.FP-SNS-MOTENVWB1.1.3.1
2024-01-18 13:04:12,026 [WARN] PackLoader:240 - Cannot read IP mode file for STMicroelectronics.X-CUBE-ISPU.2.0.0
2024-01-18 13:04:12,057 [WARN] PackLoader:240 - Cannot read IP mode file for STMicroelectronics.X-CUBE-MEMS1.10.0.0
2024-01-18 13:04:12,124 [WARN] PackLoader:240 - Cannot read IP mode file for STMicroelectronics.X-CUBE-FREERTOS.1.1.0
2024-01-18 13:04:12,133 [WARN] PackLoader:240 - Cannot read IP mode file for portGmbH.I-Cube-SoM-uGOAL.1.1.0
2024-01-18 13:04:12,141 [WARN] PackLoader:240 - Cannot read IP mode file for STMicroelectronics.X-CUBE-ALS.1.0.1
2024-01-18 13:04:12,144 [WARN] PackLoader:240 - Cannot read IP mode file for STMicroelectronics.FP-ATR-ASTRA1.2.0.0
2024-01-18 13:04:12,156 [WARN] PackLoader:240 - Cannot read IP mode file for STMicroelectronics.X-CUBE-TOF1.3.4.0
2024-01-18 13:04:12,171 [WARN] PackLoader:240 - Cannot read IP mode file for STMicroelectronics.X-CUBE-AZRTOS-H7.3.2.0
2024-01-18 13:04:12,173 [INFO] ThirdParty:978 - Integrity check success = true
2024-01-18 13:04:12,173 [INFO] IntegrityCheckThread:100 - exiting critical section [integrity check]
2024-01-18 13:04:12,173 [INFO] IntegrityCheckThread:103 - End integrity checks thread
2024-01-18 13:04:28,107 [ERROR] LogOutputStream:75 - [STDERR_REDIRECT] SLF4J: Failed to load class "org.slf4j.impl.StaticLoggerBinder".
2024-01-18 13:04:28,108 [ERROR] LogOutputStream:75 - [STDERR_REDIRECT] SLF4J: Defaulting to no-operation (NOP) logger implementation
2024-01-18 13:04:28,109 [ERROR] LogOutputStream:75 - [STDERR_REDIRECT] SLF4J: See http://www.slf4j.org/codes.html#StaticLoggerBinder for further details.
